#
# There is insufficient memory for the Java Runtime Environment to continue.
# Native memory allocation (malloc) failed to allocate 1585296 bytes for Chunk::new
# Possible reasons:
#   The system is out of physical RAM or swap space
#   The process is running with CompressedOops enabled, and the Java Heap may be blocking the growth of the native heap
# Possible solutions:
#   Reduce memory load on the system
#   Increase physical memory or swap space
#   Check if swap backing store is full
#   Decrease Java heap size (-Xmx/-Xms)
#   Decrease number of Java threads
#   Decrease Java thread stack sizes (-Xss)
#   Set larger code cache with -XX:ReservedCodeCacheSize=
#   JVM is running with Unscaled Compressed Oops mode in which the Java heap is
#     placed in the first 4GB address space. The Java Heap base address is the
#     maximum limit for the native heap growth. Please use -XX:HeapBaseMinAddress
#     to set the Java Heap base and to place the Java Heap above 4GB virtual address.
# This output file may be truncated or incomplete.
#
#  Out of Memory Error (arena.cpp:191), pid=9996, tid=17932
#
# JRE version: OpenJDK Runtime Environment JBR-17.0.9+8-1166.2-nomod (17.0.9+8) (build 17.0.9+8-b1166.2)
# Java VM: OpenJDK 64-Bit Server VM JBR-17.0.9+8-1166.2-nomod (17.0.9+8-b1166.2, mixed mode, tiered, compressed oops, compressed class ptrs, g1 gc, windows-amd64)
# No core dump will be written. Minidumps are not enabled by default on client versions of Windows
#

---------------  S U M M A R Y ------------

Command Line: --add-opens=java.base/java.util=ALL-UNNAMED --add-opens=java.base/java.lang=ALL-UNNAMED --add-opens=java.base/java.lang.invoke=ALL-UNNAMED --add-opens=java.base/java.util=ALL-UNNAMED --add-opens=java.prefs/java.util.prefs=ALL-UNNAMED --add-opens=java.prefs/java.util.prefs=ALL-UNNAMED --add-opens=java.base/java.nio.charset=ALL-UNNAMED --add-opens=java.base/java.net=ALL-UNNAMED --add-opens=java.base/java.util.concurrent.atomic=ALL-UNNAMED -XX:MaxMetaspaceSize=256m -XX:+HeapDumpOnOutOfMemoryError -Xms256m -Xmx512m -Dfile.encoding=windows-1252 -Duser.country=PE -Duser.language=es -Duser.variant org.gradle.launcher.daemon.bootstrap.GradleDaemon 7.4

Host: 12th Gen Intel(R) Core(TM) i5-12600K, 4 cores, 15G,  Windows 11 , 64 bit Build 22621 (10.0.22621.3374)
Time: Thu May  2 12:32:24 2024 Hora est. Pacífico, Sudamérica elapsed time: 19.783239 seconds (0d 0h 0m 19s)

---------------  T H R E A D  ---------------

Current thread (0x000002056edb3b20):  JavaThread "C2 CompilerThread1" daemon [_thread_in_native, id=17932, stack(0x00000032cc600000,0x00000032cc700000)]


Current CompileTask:
C2:  19783 4249       4       groovyjarjarantlr4.v4.runtime.atn.PredictionContext::join (569 bytes)

Stack: [0x00000032cc600000,0x00000032cc700000]
Native frames: (J=compiled Java code, j=interpreted, Vv=VM code, C=native code)
V  [jvm.dll+0x688349]
V  [jvm.dll+0x841bfa]
V  [jvm.dll+0x84383e]
V  [jvm.dll+0x843ea3]
V  [jvm.dll+0x24bdef]
V  [jvm.dll+0xac44c]
V  [jvm.dll+0xaca9c]
V  [jvm.dll+0x36be22]
V  [jvm.dll+0x33619a]
V  [jvm.dll+0x33563a]
V  [jvm.dll+0x21da61]
V  [jvm.dll+0x21ce81]
V  [jvm.dll+0x1a66dd]
V  [jvm.dll+0x22cd28]
V  [jvm.dll+0x22ae60]
V  [jvm.dll+0x7f6087]
V  [jvm.dll+0x7f043a]
V  [jvm.dll+0x6871c5]
C  [ucrtbase.dll+0x29333]
C  [KERNEL32.DLL+0x1257d]
C  [ntdll.dll+0x5aa48]


---------------  P R O C E S S  ---------------

Threads class SMR info:
_java_thread_list=0x000002056f38ead0, length=39, elements={
0x0000020553e5d410, 0x0000020569e45870, 0x0000020569e488f0, 0x000002056e06eb70,
0x000002056e062c90, 0x000002056e063650, 0x000002056e064010, 0x000002056e064d00,
0x000002056e0657b0, 0x000002056e0dacb0, 0x000002056e1f7a70, 0x000002056e20e010,
0x00000205705df4f0, 0x000002056eb82000, 0x000002056fa2e7d0, 0x000002056f56b080,
0x000002056facb030, 0x0000020570bda3a0, 0x000002056ff2ae00, 0x000002056ff2b310,
0x000002056ff29ed0, 0x000002056ff2b820, 0x000002056ff2a3e0, 0x000002056ff28070,
0x000002056ff2a8f0, 0x000002056ff28580, 0x000002056ff28a90, 0x000002056ff28fa0,
0x000002056ff294b0, 0x0000020570203550, 0x0000020570206d00, 0x0000020570201c00,
0x0000020570203a60, 0x00000205701ff890, 0x0000020570202110, 0x0000020570207210,
0x0000020570203f70, 0x0000020570204480, 0x000002056edb3b20
}

Java Threads: ( => current thread )
  0x0000020553e5d410 JavaThread "main" [_thread_blocked, id=1800, stack(0x00000032c9600000,0x00000032c9700000)]
  0x0000020569e45870 JavaThread "Reference Handler" daemon [_thread_blocked, id=9956, stack(0x00000032c9d00000,0x00000032c9e00000)]
  0x0000020569e488f0 JavaThread "Finalizer" daemon [_thread_blocked, id=16940, stack(0x00000032c9e00000,0x00000032c9f00000)]
  0x000002056e06eb70 JavaThread "Signal Dispatcher" daemon [_thread_blocked, id=6332, stack(0x00000032c9f00000,0x00000032ca000000)]
  0x000002056e062c90 JavaThread "Attach Listener" daemon [_thread_blocked, id=16616, stack(0x00000032ca000000,0x00000032ca100000)]
  0x000002056e063650 JavaThread "Service Thread" daemon [_thread_blocked, id=12856, stack(0x00000032ca100000,0x00000032ca200000)]
  0x000002056e064010 JavaThread "Monitor Deflation Thread" daemon [_thread_blocked, id=5708, stack(0x00000032ca200000,0x00000032ca300000)]
  0x000002056e064d00 JavaThread "C2 CompilerThread0" daemon [_thread_in_native, id=17548, stack(0x00000032ca300000,0x00000032ca400000)]
  0x000002056e0657b0 JavaThread "C1 CompilerThread0" daemon [_thread_in_vm, id=6196, stack(0x00000032ca400000,0x00000032ca500000)]
  0x000002056e0dacb0 JavaThread "Sweeper thread" daemon [_thread_blocked, id=4536, stack(0x00000032ca500000,0x00000032ca600000)]
  0x000002056e1f7a70 JavaThread "Common-Cleaner" daemon [_thread_blocked, id=16536, stack(0x00000032ca600000,0x00000032ca700000)]
  0x000002056e20e010 JavaThread "Notification Thread" daemon [_thread_blocked, id=8648, stack(0x00000032ca700000,0x00000032ca800000)]
  0x00000205705df4f0 JavaThread "Daemon health stats" [_thread_blocked, id=14780, stack(0x00000032cad00000,0x00000032cae00000)]
  0x000002056eb82000 JavaThread "Incoming local TCP Connector on port 53181" [_thread_in_native, id=16572, stack(0x00000032cae00000,0x00000032caf00000)]
  0x000002056fa2e7d0 JavaThread "Daemon periodic checks" [_thread_blocked, id=17628, stack(0x00000032caf00000,0x00000032cb000000)]
  0x000002056f56b080 JavaThread "Daemon" [_thread_blocked, id=5788, stack(0x00000032cb000000,0x00000032cb100000)]
  0x000002056facb030 JavaThread "Handler for socket connection from /127.0.0.1:53181 to /127.0.0.1:53182" [_thread_in_native, id=10200, stack(0x00000032cb100000,0x00000032cb200000)]
  0x0000020570bda3a0 JavaThread "Cancel handler" [_thread_blocked, id=13248, stack(0x00000032cb200000,0x00000032cb300000)]
  0x000002056ff2ae00 JavaThread "Daemon worker" [_thread_in_Java, id=3612, stack(0x00000032cb300000,0x00000032cb400000)]
  0x000002056ff2b310 JavaThread "Asynchronous log dispatcher for DefaultDaemonConnection: socket connection from /127.0.0.1:53181 to /127.0.0.1:53182" [_thread_blocked, id=5508, stack(0x00000032cb400000,0x00000032cb500000)]
  0x000002056ff29ed0 JavaThread "Stdin handler" [_thread_blocked, id=6240, stack(0x00000032cb500000,0x00000032cb600000)]
  0x000002056ff2b820 JavaThread "Daemon client event forwarder" [_thread_blocked, id=9480, stack(0x00000032cb600000,0x00000032cb700000)]
  0x000002056ff2a3e0 JavaThread "Cache worker for journal cache (C:\Users\VITE\.gradle\caches\journal-1)" [_thread_blocked, id=11764, stack(0x00000032cb700000,0x00000032cb800000)]
  0x000002056ff28070 JavaThread "File lock request listener" [_thread_in_native, id=17036, stack(0x00000032cb800000,0x00000032cb900000)]
  0x000002056ff2a8f0 JavaThread "Cache worker for file hash cache (C:\Users\VITE\.gradle\caches\7.4\fileHashes)" [_thread_blocked, id=15368, stack(0x00000032cb900000,0x00000032cba00000)]
  0x000002056ff28580 JavaThread "File lock release action executor" [_thread_blocked, id=3832, stack(0x00000032cba00000,0x00000032cbb00000)]
  0x000002056ff28a90 JavaThread "File watcher server" daemon [_thread_in_native, id=7404, stack(0x00000032ca900000,0x00000032caa00000)]
  0x000002056ff28fa0 JavaThread "File watcher consumer" daemon [_thread_blocked, id=14928, stack(0x00000032cbb00000,0x00000032cbc00000)]
  0x000002056ff294b0 JavaThread "jar transforms" [_thread_blocked, id=13880, stack(0x00000032cbc00000,0x00000032cbd00000)]
  0x0000020570203550 JavaThread "jar transforms Thread 2" [_thread_blocked, id=6744, stack(0x00000032cbd00000,0x00000032cbe00000)]
  0x0000020570206d00 JavaThread "jar transforms Thread 3" [_thread_blocked, id=16128, stack(0x00000032cbe00000,0x00000032cbf00000)]
  0x0000020570201c00 JavaThread "jar transforms Thread 4" [_thread_blocked, id=17732, stack(0x00000032cbf00000,0x00000032cc000000)]
  0x0000020570203a60 JavaThread "Cache worker for checksums cache (C:\Users\VITE\Desktop\CC3S2---2024-I\Actividad--AnalisisCodigoEstatico\code\.gradle\7.4\checksums)" [_thread_blocked, id=11916, stack(0x00000032cc000000,0x00000032cc100000)]
  0x00000205701ff890 JavaThread "Cache worker for cache directory md-rule (C:\Users\VITE\.gradle\caches\7.4\md-rule)" [_thread_blocked, id=15928, stack(0x00000032cc100000,0x00000032cc200000)]
  0x0000020570202110 JavaThread "Cache worker for file hash cache (C:\Users\VITE\Desktop\CC3S2---2024-I\Actividad--AnalisisCodigoEstatico\code\.gradle\7.4\fileHashes)" [_thread_blocked, id=12000, stack(0x00000032cc200000,0x00000032cc300000)]
  0x0000020570207210 JavaThread "Cache worker for cache directory md-supplier (C:\Users\VITE\.gradle\caches\7.4\md-supplier)" [_thread_blocked, id=16504, stack(0x00000032cc300000,0x00000032cc400000)]
  0x0000020570203f70 JavaThread "Cache worker for execution history cache (C:\Users\VITE\.gradle\caches\7.4\executionHistory)" [_thread_blocked, id=14576, stack(0x00000032cc400000,0x00000032cc500000)]
  0x0000020570204480 JavaThread "Cache worker for file content cache (C:\Users\VITE\.gradle\caches\7.4\fileContent)" [_thread_blocked, id=16252, stack(0x00000032cc500000,0x00000032cc600000)]
=>0x000002056edb3b20 JavaThread "C2 CompilerThread1" daemon [_thread_in_native, id=17932, stack(0x00000032cc600000,0x00000032cc700000)]

Other Threads:
  0x0000020569e547e0 VMThread "VM Thread" [stack: 0x00000032c9c00000,0x00000032c9d00000] [id=17512]
  0x000002056e210500 WatcherThread [stack: 0x00000032ca800000,0x00000032ca900000] [id=15388]
  0x0000020553e8b990 GCTaskThread "GC Thread#0" [stack: 0x00000032c9700000,0x00000032c9800000] [id=15844]
  0x000002056ebdb010 GCTaskThread "GC Thread#1" [stack: 0x00000032caa00000,0x00000032cab00000] [id=16260]
  0x000002056e3feb30 GCTaskThread "GC Thread#2" [stack: 0x00000032cab00000,0x00000032cac00000] [id=8768]
  0x000002056e6052a0 GCTaskThread "GC Thread#3" [stack: 0x00000032cac00000,0x00000032cad00000] [id=14148]
  0x0000020553e91790 ConcurrentGCThread "G1 Main Marker" [stack: 0x00000032c9800000,0x00000032c9900000] [id=18100]
  0x0000020553e92050 ConcurrentGCThread "G1 Conc#0" [stack: 0x00000032c9900000,0x00000032c9a00000] [id=16992]
  0x0000020553efd030 ConcurrentGCThread "G1 Refine#0" [stack: 0x00000032c9a00000,0x00000032c9b00000] [id=18408]
  0x0000020569cc0540 ConcurrentGCThread "G1 Service" [stack: 0x00000032c9b00000,0x00000032c9c00000] [id=18320]

Threads with active compile tasks:
C2 CompilerThread0    19851 4315       4       groovyjarjarantlr4.v4.runtime.atn.ParserATNSimulator::closure (784 bytes)
C1 CompilerThread0    19851 4329       3       java.util.HashMap$TreeNode::getTreeNode (22 bytes)
C2 CompilerThread1    19851 4249       4       groovyjarjarantlr4.v4.runtime.atn.PredictionContext::join (569 bytes)

VM state: not at safepoint (normal execution)

VM Mutex/Monitor currently owned by a thread: None

Heap address: 0x00000000e0000000, size: 512 MB, Compressed Oops mode: 32-bit

CDS archive(s) not mapped
Compressed class space mapped at: 0x0000000100000000-0x000000010d000000, reserved size: 218103808
Narrow klass base: 0x0000000000000000, Narrow klass shift: 3, Narrow klass range: 0x10d000000

GC Precious Log:
 CPUs: 4 total, 4 available
 Memory: 16152M
 Large Page Support: Disabled
 NUMA Support: Disabled
 Compressed Oops: Enabled (32-bit)
 Heap Region Size: 1M
 Heap Min Capacity: 256M
 Heap Initial Capacity: 256M
 Heap Max Capacity: 512M
 Pre-touch: Disabled
 Parallel Workers: 4
 Concurrent Workers: 1
 Concurrent Refinement Workers: 4
 Periodic GC: Disabled

Heap:
 garbage-first heap   total 262144K, used 114096K [0x00000000e0000000, 0x0000000100000000)
  region size 1024K, 87 young (89088K), 12 survivors (12288K)
 Metaspace       used 45800K, committed 46144K, reserved 278528K
  class space    used 6074K, committed 6272K, reserved 212992K

Heap Regions: E=young(eden), S=young(survivor), O=old, HS=humongous(starts), HC=humongous(continues), CS=collection set, F=free, OA=open archive, CA=closed archive, TAMS=top-at-mark-start (previous, next)
|   0|0x00000000e0000000, 0x00000000e0100000, 0x00000000e0100000|100%|HS|  |TAMS 0x00000000e0100000, 0x00000000e0000000| Complete 
|   1|0x00000000e0100000, 0x00000000e0200000, 0x00000000e0200000|100%|HC|  |TAMS 0x00000000e0200000, 0x00000000e0100000| Complete 
|   2|0x00000000e0200000, 0x00000000e0300000, 0x00000000e0300000|100%|HC|  |TAMS 0x00000000e0300000, 0x00000000e0200000| Complete 
|   3|0x00000000e0300000, 0x00000000e0400000, 0x00000000e0400000|100%| O|  |TAMS 0x00000000e0400000, 0x00000000e0300000| Untracked 
|   4|0x00000000e0400000, 0x00000000e0500000, 0x00000000e0500000|100%| O|  |TAMS 0x00000000e0500000, 0x00000000e0400000| Untracked 
|   5|0x00000000e0500000, 0x00000000e0600000, 0x00000000e0600000|100%| O|  |TAMS 0x00000000e0600000, 0x00000000e0500000| Untracked 
|   6|0x00000000e0600000, 0x00000000e0700000, 0x00000000e0700000|100%| O|  |TAMS 0x00000000e0700000, 0x00000000e0600000| Untracked 
|   7|0x00000000e0700000, 0x00000000e0800000, 0x00000000e0800000|100%| O|  |TAMS 0x00000000e0800000, 0x00000000e0700000| Untracked 
|   8|0x00000000e0800000, 0x00000000e0900000, 0x00000000e0900000|100%| O|  |TAMS 0x00000000e0900000, 0x00000000e0800000| Untracked 
|   9|0x00000000e0900000, 0x00000000e0a00000, 0x00000000e0a00000|100%| O|  |TAMS 0x00000000e0a00000, 0x00000000e0900000| Untracked 
|  10|0x00000000e0a00000, 0x00000000e0b00000, 0x00000000e0b00000|100%| O|  |TAMS 0x00000000e0b00000, 0x00000000e0a00000| Untracked 
|  11|0x00000000e0b00000, 0x00000000e0c00000, 0x00000000e0c00000|100%|HS|  |TAMS 0x00000000e0c00000, 0x00000000e0b00000| Complete 
|  12|0x00000000e0c00000, 0x00000000e0d00000, 0x00000000e0d00000|100%|HC|  |TAMS 0x00000000e0d00000, 0x00000000e0c00000| Complete 
|  13|0x00000000e0d00000, 0x00000000e0e00000, 0x00000000e0e00000|100%|HC|  |TAMS 0x00000000e0e00000, 0x00000000e0d00000| Complete 
|  14|0x00000000e0e00000, 0x00000000e0f00000, 0x00000000e0f00000|100%|HC|  |TAMS 0x00000000e0f00000, 0x00000000e0e00000| Complete 
|  15|0x00000000e0f00000, 0x00000000e1000000, 0x00000000e1000000|100%|HC|  |TAMS 0x00000000e1000000, 0x00000000e0f00000| Complete 
|  16|0x00000000e1000000, 0x00000000e1100000, 0x00000000e1100000|100%|HS|  |TAMS 0x00000000e1100000, 0x00000000e1000000| Complete 
|  17|0x00000000e1100000, 0x00000000e1200000, 0x00000000e1200000|100%|HC|  |TAMS 0x00000000e1200000, 0x00000000e1100000| Complete 
|  18|0x00000000e1200000, 0x00000000e1300000, 0x00000000e1300000|100%|HC|  |TAMS 0x00000000e1300000, 0x00000000e1200000| Complete 
|  19|0x00000000e1300000, 0x00000000e1400000, 0x00000000e1400000|100%|HS|  |TAMS 0x00000000e1400000, 0x00000000e1300000| Complete 
|  20|0x00000000e1400000, 0x00000000e1500000, 0x00000000e1500000|100%|HC|  |TAMS 0x00000000e1500000, 0x00000000e1400000| Complete 
|  21|0x00000000e1500000, 0x00000000e1600000, 0x00000000e1600000|100%|HC|  |TAMS 0x00000000e1600000, 0x00000000e1500000| Complete 
|  22|0x00000000e1600000, 0x00000000e1700000, 0x00000000e1700000|100%| O|  |TAMS 0x00000000e1700000, 0x00000000e1600000| Untracked 
|  23|0x00000000e1700000, 0x00000000e1800000, 0x00000000e1800000|100%| O|  |TAMS 0x00000000e1800000, 0x00000000e1700000| Untracked 
|  24|0x00000000e1800000, 0x00000000e1815e00, 0x00000000e1900000|  8%| O|  |TAMS 0x00000000e1815e00, 0x00000000e1800000| Untracked 
|  25|0x00000000e1900000, 0x00000000e1a00000, 0x00000000e1a00000|100%|HS|  |TAMS 0x00000000e1900000, 0x00000000e1900000| Complete 
|  26|0x00000000e1a00000, 0x00000000e1b00000, 0x00000000e1b00000|100%|HS|  |TAMS 0x00000000e1a00000, 0x00000000e1a00000| Complete 
|  27|0x00000000e1b00000, 0x00000000e1c00000, 0x00000000e1c00000|100%|HC|  |TAMS 0x00000000e1b00000, 0x00000000e1b00000| Complete 
|  28|0x00000000e1c00000, 0x00000000e1c00000, 0x00000000e1d00000|  0%| F|  |TAMS 0x00000000e1c00000, 0x00000000e1c00000| Untracked 
|  29|0x00000000e1d00000, 0x00000000e1d00000, 0x00000000e1e00000|  0%| F|  |TAMS 0x00000000e1d00000, 0x00000000e1d00000| Untracked 
|  30|0x00000000e1e00000, 0x00000000e1e00000, 0x00000000e1f00000|  0%| F|  |TAMS 0x00000000e1e00000, 0x00000000e1e00000| Untracked 
|  31|0x00000000e1f00000, 0x00000000e1f00000, 0x00000000e2000000|  0%| F|  |TAMS 0x00000000e1f00000, 0x00000000e1f00000| Untracked 
|  32|0x00000000e2000000, 0x00000000e2000000, 0x00000000e2100000|  0%| F|  |TAMS 0x00000000e2000000, 0x00000000e2000000| Untracked 
|  33|0x00000000e2100000, 0x00000000e2100000, 0x00000000e2200000|  0%| F|  |TAMS 0x00000000e2100000, 0x00000000e2100000| Untracked 
|  34|0x00000000e2200000, 0x00000000e2200000, 0x00000000e2300000|  0%| F|  |TAMS 0x00000000e2200000, 0x00000000e2200000| Untracked 
|  35|0x00000000e2300000, 0x00000000e2300000, 0x00000000e2400000|  0%| F|  |TAMS 0x00000000e2300000, 0x00000000e2300000| Untracked 
|  36|0x00000000e2400000, 0x00000000e2400000, 0x00000000e2500000|  0%| F|  |TAMS 0x00000000e2400000, 0x00000000e2400000| Untracked 
|  37|0x00000000e2500000, 0x00000000e2500000, 0x00000000e2600000|  0%| F|  |TAMS 0x00000000e2500000, 0x00000000e2500000| Untracked 
|  38|0x00000000e2600000, 0x00000000e2600000, 0x00000000e2700000|  0%| F|  |TAMS 0x00000000e2600000, 0x00000000e2600000| Untracked 
|  39|0x00000000e2700000, 0x00000000e2700000, 0x00000000e2800000|  0%| F|  |TAMS 0x00000000e2700000, 0x00000000e2700000| Untracked 
|  40|0x00000000e2800000, 0x00000000e2800000, 0x00000000e2900000|  0%| F|  |TAMS 0x00000000e2800000, 0x00000000e2800000| Untracked 
|  41|0x00000000e2900000, 0x00000000e2900000, 0x00000000e2a00000|  0%| F|  |TAMS 0x00000000e2900000, 0x00000000e2900000| Untracked 
|  42|0x00000000e2a00000, 0x00000000e2a00000, 0x00000000e2b00000|  0%| F|  |TAMS 0x00000000e2a00000, 0x00000000e2a00000| Untracked 
|  43|0x00000000e2b00000, 0x00000000e2b00000, 0x00000000e2c00000|  0%| F|  |TAMS 0x00000000e2b00000, 0x00000000e2b00000| Untracked 
|  44|0x00000000e2c00000, 0x00000000e2c00000, 0x00000000e2d00000|  0%| F|  |TAMS 0x00000000e2c00000, 0x00000000e2c00000| Untracked 
|  45|0x00000000e2d00000, 0x00000000e2d00000, 0x00000000e2e00000|  0%| F|  |TAMS 0x00000000e2d00000, 0x00000000e2d00000| Untracked 
|  46|0x00000000e2e00000, 0x00000000e2e00000, 0x00000000e2f00000|  0%| F|  |TAMS 0x00000000e2e00000, 0x00000000e2e00000| Untracked 
|  47|0x00000000e2f00000, 0x00000000e2f00000, 0x00000000e3000000|  0%| F|  |TAMS 0x00000000e2f00000, 0x00000000e2f00000| Untracked 
|  48|0x00000000e3000000, 0x00000000e3000000, 0x00000000e3100000|  0%| F|  |TAMS 0x00000000e3000000, 0x00000000e3000000| Untracked 
|  49|0x00000000e3100000, 0x00000000e3100000, 0x00000000e3200000|  0%| F|  |TAMS 0x00000000e3100000, 0x00000000e3100000| Untracked 
|  50|0x00000000e3200000, 0x00000000e3200000, 0x00000000e3300000|  0%| F|  |TAMS 0x00000000e3200000, 0x00000000e3200000| Untracked 
|  51|0x00000000e3300000, 0x00000000e3300000, 0x00000000e3400000|  0%| F|  |TAMS 0x00000000e3300000, 0x00000000e3300000| Untracked 
|  52|0x00000000e3400000, 0x00000000e3400000, 0x00000000e3500000|  0%| F|  |TAMS 0x00000000e3400000, 0x00000000e3400000| Untracked 
|  53|0x00000000e3500000, 0x00000000e3500000, 0x00000000e3600000|  0%| F|  |TAMS 0x00000000e3500000, 0x00000000e3500000| Untracked 
|  54|0x00000000e3600000, 0x00000000e3600000, 0x00000000e3700000|  0%| F|  |TAMS 0x00000000e3600000, 0x00000000e3600000| Untracked 
|  55|0x00000000e3700000, 0x00000000e3700000, 0x00000000e3800000|  0%| F|  |TAMS 0x00000000e3700000, 0x00000000e3700000| Untracked 
|  56|0x00000000e3800000, 0x00000000e3800000, 0x00000000e3900000|  0%| F|  |TAMS 0x00000000e3800000, 0x00000000e3800000| Untracked 
|  57|0x00000000e3900000, 0x00000000e3900000, 0x00000000e3a00000|  0%| F|  |TAMS 0x00000000e3900000, 0x00000000e3900000| Untracked 
|  58|0x00000000e3a00000, 0x00000000e3a00000, 0x00000000e3b00000|  0%| F|  |TAMS 0x00000000e3a00000, 0x00000000e3a00000| Untracked 
|  59|0x00000000e3b00000, 0x00000000e3b00000, 0x00000000e3c00000|  0%| F|  |TAMS 0x00000000e3b00000, 0x00000000e3b00000| Untracked 
|  60|0x00000000e3c00000, 0x00000000e3c00000, 0x00000000e3d00000|  0%| F|  |TAMS 0x00000000e3c00000, 0x00000000e3c00000| Untracked 
|  61|0x00000000e3d00000, 0x00000000e3d00000, 0x00000000e3e00000|  0%| F|  |TAMS 0x00000000e3d00000, 0x00000000e3d00000| Untracked 
|  62|0x00000000e3e00000, 0x00000000e3e00000, 0x00000000e3f00000|  0%| F|  |TAMS 0x00000000e3e00000, 0x00000000e3e00000| Untracked 
|  63|0x00000000e3f00000, 0x00000000e3f00000, 0x00000000e4000000|  0%| F|  |TAMS 0x00000000e3f00000, 0x00000000e3f00000| Untracked 
|  64|0x00000000e4000000, 0x00000000e4000000, 0x00000000e4100000|  0%| F|  |TAMS 0x00000000e4000000, 0x00000000e4000000| Untracked 
|  65|0x00000000e4100000, 0x00000000e4100000, 0x00000000e4200000|  0%| F|  |TAMS 0x00000000e4100000, 0x00000000e4100000| Untracked 
|  66|0x00000000e4200000, 0x00000000e4200000, 0x00000000e4300000|  0%| F|  |TAMS 0x00000000e4200000, 0x00000000e4200000| Untracked 
|  67|0x00000000e4300000, 0x00000000e4300000, 0x00000000e4400000|  0%| F|  |TAMS 0x00000000e4300000, 0x00000000e4300000| Untracked 
|  68|0x00000000e4400000, 0x00000000e4400000, 0x00000000e4500000|  0%| F|  |TAMS 0x00000000e4400000, 0x00000000e4400000| Untracked 
|  69|0x00000000e4500000, 0x00000000e4500000, 0x00000000e4600000|  0%| F|  |TAMS 0x00000000e4500000, 0x00000000e4500000| Untracked 
|  70|0x00000000e4600000, 0x00000000e4600000, 0x00000000e4700000|  0%| F|  |TAMS 0x00000000e4600000, 0x00000000e4600000| Untracked 
|  71|0x00000000e4700000, 0x00000000e4700000, 0x00000000e4800000|  0%| F|  |TAMS 0x00000000e4700000, 0x00000000e4700000| Untracked 
|  72|0x00000000e4800000, 0x00000000e4800000, 0x00000000e4900000|  0%| F|  |TAMS 0x00000000e4800000, 0x00000000e4800000| Untracked 
|  73|0x00000000e4900000, 0x00000000e4900000, 0x00000000e4a00000|  0%| F|  |TAMS 0x00000000e4900000, 0x00000000e4900000| Untracked 
|  74|0x00000000e4a00000, 0x00000000e4a00000, 0x00000000e4b00000|  0%| F|  |TAMS 0x00000000e4a00000, 0x00000000e4a00000| Untracked 
|  75|0x00000000e4b00000, 0x00000000e4b00000, 0x00000000e4c00000|  0%| F|  |TAMS 0x00000000e4b00000, 0x00000000e4b00000| Untracked 
|  76|0x00000000e4c00000, 0x00000000e4c00000, 0x00000000e4d00000|  0%| F|  |TAMS 0x00000000e4c00000, 0x00000000e4c00000| Untracked 
|  77|0x00000000e4d00000, 0x00000000e4d00000, 0x00000000e4e00000|  0%| F|  |TAMS 0x00000000e4d00000, 0x00000000e4d00000| Untracked 
|  78|0x00000000e4e00000, 0x00000000e4e00000, 0x00000000e4f00000|  0%| F|  |TAMS 0x00000000e4e00000, 0x00000000e4e00000| Untracked 
|  79|0x00000000e4f00000, 0x00000000e4f00000, 0x00000000e5000000|  0%| F|  |TAMS 0x00000000e4f00000, 0x00000000e4f00000| Untracked 
|  80|0x00000000e5000000, 0x00000000e5000000, 0x00000000e5100000|  0%| F|  |TAMS 0x00000000e5000000, 0x00000000e5000000| Untracked 
|  81|0x00000000e5100000, 0x00000000e5100000, 0x00000000e5200000|  0%| F|  |TAMS 0x00000000e5100000, 0x00000000e5100000| Untracked 
|  82|0x00000000e5200000, 0x00000000e5200000, 0x00000000e5300000|  0%| F|  |TAMS 0x00000000e5200000, 0x00000000e5200000| Untracked 
|  83|0x00000000e5300000, 0x00000000e5300000, 0x00000000e5400000|  0%| F|  |TAMS 0x00000000e5300000, 0x00000000e5300000| Untracked 
|  84|0x00000000e5400000, 0x00000000e5400000, 0x00000000e5500000|  0%| F|  |TAMS 0x00000000e5400000, 0x00000000e5400000| Untracked 
|  85|0x00000000e5500000, 0x00000000e5500000, 0x00000000e5600000|  0%| F|  |TAMS 0x00000000e5500000, 0x00000000e5500000| Untracked 
|  86|0x00000000e5600000, 0x00000000e5600000, 0x00000000e5700000|  0%| F|  |TAMS 0x00000000e5600000, 0x00000000e5600000| Untracked 
|  87|0x00000000e5700000, 0x00000000e5700000, 0x00000000e5800000|  0%| F|  |TAMS 0x00000000e5700000, 0x00000000e5700000| Untracked 
|  88|0x00000000e5800000, 0x00000000e5800000, 0x00000000e5900000|  0%| F|  |TAMS 0x00000000e5800000, 0x00000000e5800000| Untracked 
|  89|0x00000000e5900000, 0x00000000e5900000, 0x00000000e5a00000|  0%| F|  |TAMS 0x00000000e5900000, 0x00000000e5900000| Untracked 
|  90|0x00000000e5a00000, 0x00000000e5a00000, 0x00000000e5b00000|  0%| F|  |TAMS 0x00000000e5a00000, 0x00000000e5a00000| Untracked 
|  91|0x00000000e5b00000, 0x00000000e5b00000, 0x00000000e5c00000|  0%| F|  |TAMS 0x00000000e5b00000, 0x00000000e5b00000| Untracked 
|  92|0x00000000e5c00000, 0x00000000e5c00000, 0x00000000e5d00000|  0%| F|  |TAMS 0x00000000e5c00000, 0x00000000e5c00000| Untracked 
|  93|0x00000000e5d00000, 0x00000000e5d00000, 0x00000000e5e00000|  0%| F|  |TAMS 0x00000000e5d00000, 0x00000000e5d00000| Untracked 
|  94|0x00000000e5e00000, 0x00000000e5e00000, 0x00000000e5f00000|  0%| F|  |TAMS 0x00000000e5e00000, 0x00000000e5e00000| Untracked 
|  95|0x00000000e5f00000, 0x00000000e5f00000, 0x00000000e6000000|  0%| F|  |TAMS 0x00000000e5f00000, 0x00000000e5f00000| Untracked 
|  96|0x00000000e6000000, 0x00000000e6000000, 0x00000000e6100000|  0%| F|  |TAMS 0x00000000e6000000, 0x00000000e6000000| Untracked 
|  97|0x00000000e6100000, 0x00000000e6100000, 0x00000000e6200000|  0%| F|  |TAMS 0x00000000e6100000, 0x00000000e6100000| Untracked 
|  98|0x00000000e6200000, 0x00000000e6200000, 0x00000000e6300000|  0%| F|  |TAMS 0x00000000e6200000, 0x00000000e6200000| Untracked 
|  99|0x00000000e6300000, 0x00000000e6300000, 0x00000000e6400000|  0%| F|  |TAMS 0x00000000e6300000, 0x00000000e6300000| Untracked 
| 100|0x00000000e6400000, 0x00000000e6400000, 0x00000000e6500000|  0%| F|  |TAMS 0x00000000e6400000, 0x00000000e6400000| Untracked 
| 101|0x00000000e6500000, 0x00000000e6500000, 0x00000000e6600000|  0%| F|  |TAMS 0x00000000e6500000, 0x00000000e6500000| Untracked 
| 102|0x00000000e6600000, 0x00000000e6600000, 0x00000000e6700000|  0%| F|  |TAMS 0x00000000e6600000, 0x00000000e6600000| Untracked 
| 103|0x00000000e6700000, 0x00000000e6700000, 0x00000000e6800000|  0%| F|  |TAMS 0x00000000e6700000, 0x00000000e6700000| Untracked 
| 104|0x00000000e6800000, 0x00000000e6800000, 0x00000000e6900000|  0%| F|  |TAMS 0x00000000e6800000, 0x00000000e6800000| Untracked 
| 105|0x00000000e6900000, 0x00000000e6900000, 0x00000000e6a00000|  0%| F|  |TAMS 0x00000000e6900000, 0x00000000e6900000| Untracked 
| 106|0x00000000e6a00000, 0x00000000e6a00000, 0x00000000e6b00000|  0%| F|  |TAMS 0x00000000e6a00000, 0x00000000e6a00000| Untracked 
| 107|0x00000000e6b00000, 0x00000000e6b00000, 0x00000000e6c00000|  0%| F|  |TAMS 0x00000000e6b00000, 0x00000000e6b00000| Untracked 
| 108|0x00000000e6c00000, 0x00000000e6c00000, 0x00000000e6d00000|  0%| F|  |TAMS 0x00000000e6c00000, 0x00000000e6c00000| Untracked 
| 109|0x00000000e6d00000, 0x00000000e6d00000, 0x00000000e6e00000|  0%| F|  |TAMS 0x00000000e6d00000, 0x00000000e6d00000| Untracked 
| 110|0x00000000e6e00000, 0x00000000e6e00000, 0x00000000e6f00000|  0%| F|  |TAMS 0x00000000e6e00000, 0x00000000e6e00000| Untracked 
| 111|0x00000000e6f00000, 0x00000000e6f00000, 0x00000000e7000000|  0%| F|  |TAMS 0x00000000e6f00000, 0x00000000e6f00000| Untracked 
| 112|0x00000000e7000000, 0x00000000e7000000, 0x00000000e7100000|  0%| F|  |TAMS 0x00000000e7000000, 0x00000000e7000000| Untracked 
| 113|0x00000000e7100000, 0x00000000e7100000, 0x00000000e7200000|  0%| F|  |TAMS 0x00000000e7100000, 0x00000000e7100000| Untracked 
| 114|0x00000000e7200000, 0x00000000e7200000, 0x00000000e7300000|  0%| F|  |TAMS 0x00000000e7200000, 0x00000000e7200000| Untracked 
| 115|0x00000000e7300000, 0x00000000e7300000, 0x00000000e7400000|  0%| F|  |TAMS 0x00000000e7300000, 0x00000000e7300000| Untracked 
| 116|0x00000000e7400000, 0x00000000e7400000, 0x00000000e7500000|  0%| F|  |TAMS 0x00000000e7400000, 0x00000000e7400000| Untracked 
| 117|0x00000000e7500000, 0x00000000e7500000, 0x00000000e7600000|  0%| F|  |TAMS 0x00000000e7500000, 0x00000000e7500000| Untracked 
| 118|0x00000000e7600000, 0x00000000e7600000, 0x00000000e7700000|  0%| F|  |TAMS 0x00000000e7600000, 0x00000000e7600000| Untracked 
| 119|0x00000000e7700000, 0x00000000e7700000, 0x00000000e7800000|  0%| F|  |TAMS 0x00000000e7700000, 0x00000000e7700000| Untracked 
| 120|0x00000000e7800000, 0x00000000e7800000, 0x00000000e7900000|  0%| F|  |TAMS 0x00000000e7800000, 0x00000000e7800000| Untracked 
| 121|0x00000000e7900000, 0x00000000e7900000, 0x00000000e7a00000|  0%| F|  |TAMS 0x00000000e7900000, 0x00000000e7900000| Untracked 
| 122|0x00000000e7a00000, 0x00000000e7a00000, 0x00000000e7b00000|  0%| F|  |TAMS 0x00000000e7a00000, 0x00000000e7a00000| Untracked 
| 123|0x00000000e7b00000, 0x00000000e7b00000, 0x00000000e7c00000|  0%| F|  |TAMS 0x00000000e7b00000, 0x00000000e7b00000| Untracked 
| 124|0x00000000e7c00000, 0x00000000e7c00000, 0x00000000e7d00000|  0%| F|  |TAMS 0x00000000e7c00000, 0x00000000e7c00000| Untracked 
| 125|0x00000000e7d00000, 0x00000000e7d00000, 0x00000000e7e00000|  0%| F|  |TAMS 0x00000000e7d00000, 0x00000000e7d00000| Untracked 
| 126|0x00000000e7e00000, 0x00000000e7e00000, 0x00000000e7f00000|  0%| F|  |TAMS 0x00000000e7e00000, 0x00000000e7e00000| Untracked 
| 127|0x00000000e7f00000, 0x00000000e7f00000, 0x00000000e8000000|  0%| F|  |TAMS 0x00000000e7f00000, 0x00000000e7f00000| Untracked 
| 128|0x00000000e8000000, 0x00000000e8000000, 0x00000000e8100000|  0%| F|  |TAMS 0x00000000e8000000, 0x00000000e8000000| Untracked 
| 129|0x00000000e8100000, 0x00000000e8100000, 0x00000000e8200000|  0%| F|  |TAMS 0x00000000e8100000, 0x00000000e8100000| Untracked 
| 130|0x00000000e8200000, 0x00000000e8200000, 0x00000000e8300000|  0%| F|  |TAMS 0x00000000e8200000, 0x00000000e8200000| Untracked 
| 131|0x00000000e8300000, 0x00000000e8300000, 0x00000000e8400000|  0%| F|  |TAMS 0x00000000e8300000, 0x00000000e8300000| Untracked 
| 132|0x00000000e8400000, 0x00000000e8400000, 0x00000000e8500000|  0%| F|  |TAMS 0x00000000e8400000, 0x00000000e8400000| Untracked 
| 133|0x00000000e8500000, 0x00000000e8500000, 0x00000000e8600000|  0%| F|  |TAMS 0x00000000e8500000, 0x00000000e8500000| Untracked 
| 134|0x00000000e8600000, 0x00000000e8600000, 0x00000000e8700000|  0%| F|  |TAMS 0x00000000e8600000, 0x00000000e8600000| Untracked 
| 135|0x00000000e8700000, 0x00000000e8700000, 0x00000000e8800000|  0%| F|  |TAMS 0x00000000e8700000, 0x00000000e8700000| Untracked 
| 136|0x00000000e8800000, 0x00000000e8800000, 0x00000000e8900000|  0%| F|  |TAMS 0x00000000e8800000, 0x00000000e8800000| Untracked 
| 137|0x00000000e8900000, 0x00000000e8900000, 0x00000000e8a00000|  0%| F|  |TAMS 0x00000000e8900000, 0x00000000e8900000| Untracked 
| 138|0x00000000e8a00000, 0x00000000e8a00000, 0x00000000e8b00000|  0%| F|  |TAMS 0x00000000e8a00000, 0x00000000e8a00000| Untracked 
| 139|0x00000000e8b00000, 0x00000000e8b00000, 0x00000000e8c00000|  0%| F|  |TAMS 0x00000000e8b00000, 0x00000000e8b00000| Untracked 
| 140|0x00000000e8c00000, 0x00000000e8c00000, 0x00000000e8d00000|  0%| F|  |TAMS 0x00000000e8c00000, 0x00000000e8c00000| Untracked 
| 141|0x00000000e8d00000, 0x00000000e8d00000, 0x00000000e8e00000|  0%| F|  |TAMS 0x00000000e8d00000, 0x00000000e8d00000| Untracked 
| 142|0x00000000e8e00000, 0x00000000e8e00000, 0x00000000e8f00000|  0%| F|  |TAMS 0x00000000e8e00000, 0x00000000e8e00000| Untracked 
| 143|0x00000000e8f00000, 0x00000000e8f00000, 0x00000000e9000000|  0%| F|  |TAMS 0x00000000e8f00000, 0x00000000e8f00000| Untracked 
| 144|0x00000000e9000000, 0x00000000e9000000, 0x00000000e9100000|  0%| F|  |TAMS 0x00000000e9000000, 0x00000000e9000000| Untracked 
| 145|0x00000000e9100000, 0x00000000e9100000, 0x00000000e9200000|  0%| F|  |TAMS 0x00000000e9100000, 0x00000000e9100000| Untracked 
| 146|0x00000000e9200000, 0x00000000e9200000, 0x00000000e9300000|  0%| F|  |TAMS 0x00000000e9200000, 0x00000000e9200000| Untracked 
| 147|0x00000000e9300000, 0x00000000e9300000, 0x00000000e9400000|  0%| F|  |TAMS 0x00000000e9300000, 0x00000000e9300000| Untracked 
| 148|0x00000000e9400000, 0x00000000e9400000, 0x00000000e9500000|  0%| F|  |TAMS 0x00000000e9400000, 0x00000000e9400000| Untracked 
| 149|0x00000000e9500000, 0x00000000e9500000, 0x00000000e9600000|  0%| F|  |TAMS 0x00000000e9500000, 0x00000000e9500000| Untracked 
| 150|0x00000000e9600000, 0x00000000e9600000, 0x00000000e9700000|  0%| F|  |TAMS 0x00000000e9600000, 0x00000000e9600000| Untracked 
| 151|0x00000000e9700000, 0x00000000e9700000, 0x00000000e9800000|  0%| F|  |TAMS 0x00000000e9700000, 0x00000000e9700000| Untracked 
| 152|0x00000000e9800000, 0x00000000e9800000, 0x00000000e9900000|  0%| F|  |TAMS 0x00000000e9800000, 0x00000000e9800000| Untracked 
| 153|0x00000000e9900000, 0x00000000e9900000, 0x00000000e9a00000|  0%| F|  |TAMS 0x00000000e9900000, 0x00000000e9900000| Untracked 
| 154|0x00000000e9a00000, 0x00000000e9a00000, 0x00000000e9b00000|  0%| F|  |TAMS 0x00000000e9a00000, 0x00000000e9a00000| Untracked 
| 155|0x00000000e9b00000, 0x00000000e9b00000, 0x00000000e9c00000|  0%| F|  |TAMS 0x00000000e9b00000, 0x00000000e9b00000| Untracked 
| 156|0x00000000e9c00000, 0x00000000e9c00000, 0x00000000e9d00000|  0%| F|  |TAMS 0x00000000e9c00000, 0x00000000e9c00000| Untracked 
| 157|0x00000000e9d00000, 0x00000000e9d00000, 0x00000000e9e00000|  0%| F|  |TAMS 0x00000000e9d00000, 0x00000000e9d00000| Untracked 
| 158|0x00000000e9e00000, 0x00000000e9e00000, 0x00000000e9f00000|  0%| F|  |TAMS 0x00000000e9e00000, 0x00000000e9e00000| Untracked 
| 159|0x00000000e9f00000, 0x00000000e9f00000, 0x00000000ea000000|  0%| F|  |TAMS 0x00000000e9f00000, 0x00000000e9f00000| Untracked 
| 160|0x00000000ea000000, 0x00000000ea000000, 0x00000000ea100000|  0%| F|  |TAMS 0x00000000ea000000, 0x00000000ea000000| Untracked 
| 161|0x00000000ea100000, 0x00000000ea100000, 0x00000000ea200000|  0%| F|  |TAMS 0x00000000ea100000, 0x00000000ea100000| Untracked 
| 162|0x00000000ea200000, 0x00000000ea200000, 0x00000000ea300000|  0%| F|  |TAMS 0x00000000ea200000, 0x00000000ea200000| Untracked 
| 163|0x00000000ea300000, 0x00000000ea300000, 0x00000000ea400000|  0%| F|  |TAMS 0x00000000ea300000, 0x00000000ea300000| Untracked 
| 164|0x00000000ea400000, 0x00000000ea400000, 0x00000000ea500000|  0%| F|  |TAMS 0x00000000ea400000, 0x00000000ea400000| Untracked 
| 165|0x00000000ea500000, 0x00000000ea500000, 0x00000000ea600000|  0%| F|  |TAMS 0x00000000ea500000, 0x00000000ea500000| Untracked 
| 166|0x00000000ea600000, 0x00000000ea600000, 0x00000000ea700000|  0%| F|  |TAMS 0x00000000ea600000, 0x00000000ea600000| Untracked 
| 167|0x00000000ea700000, 0x00000000ea700000, 0x00000000ea800000|  0%| F|  |TAMS 0x00000000ea700000, 0x00000000ea700000| Untracked 
| 168|0x00000000ea800000, 0x00000000ea800000, 0x00000000ea900000|  0%| F|  |TAMS 0x00000000ea800000, 0x00000000ea800000| Untracked 
| 169|0x00000000ea900000, 0x00000000eaa00000, 0x00000000eaa00000|100%| E|  |TAMS 0x00000000ea900000, 0x00000000ea900000| Complete 
| 170|0x00000000eaa00000, 0x00000000eab00000, 0x00000000eab00000|100%| E|CS|TAMS 0x00000000eaa00000, 0x00000000eaa00000| Complete 
| 171|0x00000000eab00000, 0x00000000eac00000, 0x00000000eac00000|100%| E|CS|TAMS 0x00000000eab00000, 0x00000000eab00000| Complete 
| 172|0x00000000eac00000, 0x00000000ead00000, 0x00000000ead00000|100%| E|CS|TAMS 0x00000000eac00000, 0x00000000eac00000| Complete 
| 173|0x00000000ead00000, 0x00000000eae00000, 0x00000000eae00000|100%| E|CS|TAMS 0x00000000ead00000, 0x00000000ead00000| Complete 
| 174|0x00000000eae00000, 0x00000000eaf00000, 0x00000000eaf00000|100%| E|CS|TAMS 0x00000000eae00000, 0x00000000eae00000| Complete 
| 175|0x00000000eaf00000, 0x00000000eb000000, 0x00000000eb000000|100%| E|CS|TAMS 0x00000000eaf00000, 0x00000000eaf00000| Complete 
| 176|0x00000000eb000000, 0x00000000eb100000, 0x00000000eb100000|100%| E|CS|TAMS 0x00000000eb000000, 0x00000000eb000000| Complete 
| 177|0x00000000eb100000, 0x00000000eb200000, 0x00000000eb200000|100%| E|CS|TAMS 0x00000000eb100000, 0x00000000eb100000| Complete 
| 178|0x00000000eb200000, 0x00000000eb300000, 0x00000000eb300000|100%| E|CS|TAMS 0x00000000eb200000, 0x00000000eb200000| Complete 
| 179|0x00000000eb300000, 0x00000000eb400000, 0x00000000eb400000|100%| E|CS|TAMS 0x00000000eb300000, 0x00000000eb300000| Complete 
| 180|0x00000000eb400000, 0x00000000eb500000, 0x00000000eb500000|100%| E|CS|TAMS 0x00000000eb400000, 0x00000000eb400000| Complete 
| 181|0x00000000eb500000, 0x00000000eb600000, 0x00000000eb600000|100%| E|CS|TAMS 0x00000000eb500000, 0x00000000eb500000| Complete 
| 182|0x00000000eb600000, 0x00000000eb700000, 0x00000000eb700000|100%| E|CS|TAMS 0x00000000eb600000, 0x00000000eb600000| Complete 
| 183|0x00000000eb700000, 0x00000000eb800000, 0x00000000eb800000|100%| E|CS|TAMS 0x00000000eb700000, 0x00000000eb700000| Complete 
| 184|0x00000000eb800000, 0x00000000eb900000, 0x00000000eb900000|100%| E|CS|TAMS 0x00000000eb800000, 0x00000000eb800000| Complete 
| 185|0x00000000eb900000, 0x00000000eba00000, 0x00000000eba00000|100%| E|CS|TAMS 0x00000000eb900000, 0x00000000eb900000| Complete 
| 186|0x00000000eba00000, 0x00000000ebb00000, 0x00000000ebb00000|100%| E|CS|TAMS 0x00000000eba00000, 0x00000000eba00000| Complete 
| 187|0x00000000ebb00000, 0x00000000ebc00000, 0x00000000ebc00000|100%| E|CS|TAMS 0x00000000ebb00000, 0x00000000ebb00000| Complete 
| 188|0x00000000ebc00000, 0x00000000ebd00000, 0x00000000ebd00000|100%| E|CS|TAMS 0x00000000ebc00000, 0x00000000ebc00000| Complete 
| 189|0x00000000ebd00000, 0x00000000ebe00000, 0x00000000ebe00000|100%| E|CS|TAMS 0x00000000ebd00000, 0x00000000ebd00000| Complete 
| 190|0x00000000ebe00000, 0x00000000ebf00000, 0x00000000ebf00000|100%| E|CS|TAMS 0x00000000ebe00000, 0x00000000ebe00000| Complete 
| 191|0x00000000ebf00000, 0x00000000ec000000, 0x00000000ec000000|100%| E|CS|TAMS 0x00000000ebf00000, 0x00000000ebf00000| Complete 
| 192|0x00000000ec000000, 0x00000000ec100000, 0x00000000ec100000|100%| E|CS|TAMS 0x00000000ec000000, 0x00000000ec000000| Complete 
| 193|0x00000000ec100000, 0x00000000ec200000, 0x00000000ec200000|100%| E|CS|TAMS 0x00000000ec100000, 0x00000000ec100000| Complete 
| 194|0x00000000ec200000, 0x00000000ec300000, 0x00000000ec300000|100%| E|CS|TAMS 0x00000000ec200000, 0x00000000ec200000| Complete 
| 195|0x00000000ec300000, 0x00000000ec400000, 0x00000000ec400000|100%| E|CS|TAMS 0x00000000ec300000, 0x00000000ec300000| Complete 
| 196|0x00000000ec400000, 0x00000000ec500000, 0x00000000ec500000|100%| E|CS|TAMS 0x00000000ec400000, 0x00000000ec400000| Complete 
| 197|0x00000000ec500000, 0x00000000ec600000, 0x00000000ec600000|100%| E|CS|TAMS 0x00000000ec500000, 0x00000000ec500000| Complete 
| 198|0x00000000ec600000, 0x00000000ec700000, 0x00000000ec700000|100%| E|CS|TAMS 0x00000000ec600000, 0x00000000ec600000| Complete 
| 199|0x00000000ec700000, 0x00000000ec800000, 0x00000000ec800000|100%| E|CS|TAMS 0x00000000ec700000, 0x00000000ec700000| Complete 
| 200|0x00000000ec800000, 0x00000000ec900000, 0x00000000ec900000|100%| E|CS|TAMS 0x00000000ec800000, 0x00000000ec800000| Complete 
| 201|0x00000000ec900000, 0x00000000eca00000, 0x00000000eca00000|100%| E|CS|TAMS 0x00000000ec900000, 0x00000000ec900000| Complete 
| 202|0x00000000eca00000, 0x00000000ecb00000, 0x00000000ecb00000|100%| E|CS|TAMS 0x00000000eca00000, 0x00000000eca00000| Complete 
| 203|0x00000000ecb00000, 0x00000000ecc00000, 0x00000000ecc00000|100%| E|CS|TAMS 0x00000000ecb00000, 0x00000000ecb00000| Complete 
| 204|0x00000000ecc00000, 0x00000000ecd00000, 0x00000000ecd00000|100%| E|  |TAMS 0x00000000ecc00000, 0x00000000ecc00000| Complete 
| 205|0x00000000ecd00000, 0x00000000ece00000, 0x00000000ece00000|100%| E|CS|TAMS 0x00000000ecd00000, 0x00000000ecd00000| Complete 
| 206|0x00000000ece00000, 0x00000000ecf00000, 0x00000000ecf00000|100%| E|CS|TAMS 0x00000000ece00000, 0x00000000ece00000| Complete 
| 207|0x00000000ecf00000, 0x00000000ed000000, 0x00000000ed000000|100%| E|CS|TAMS 0x00000000ecf00000, 0x00000000ecf00000| Complete 
| 208|0x00000000ed000000, 0x00000000ed100000, 0x00000000ed100000|100%| E|CS|TAMS 0x00000000ed000000, 0x00000000ed000000| Complete 
| 209|0x00000000ed100000, 0x00000000ed200000, 0x00000000ed200000|100%| E|CS|TAMS 0x00000000ed100000, 0x00000000ed100000| Complete 
| 210|0x00000000ed200000, 0x00000000ed300000, 0x00000000ed300000|100%| E|CS|TAMS 0x00000000ed200000, 0x00000000ed200000| Complete 
| 211|0x00000000ed300000, 0x00000000ed400000, 0x00000000ed400000|100%| E|CS|TAMS 0x00000000ed300000, 0x00000000ed300000| Complete 
| 212|0x00000000ed400000, 0x00000000ed500000, 0x00000000ed500000|100%| E|CS|TAMS 0x00000000ed400000, 0x00000000ed400000| Complete 
| 213|0x00000000ed500000, 0x00000000ed600000, 0x00000000ed600000|100%| E|CS|TAMS 0x00000000ed500000, 0x00000000ed500000| Complete 
| 214|0x00000000ed600000, 0x00000000ed700000, 0x00000000ed700000|100%| E|CS|TAMS 0x00000000ed600000, 0x00000000ed600000| Complete 
| 215|0x00000000ed700000, 0x00000000ed800000, 0x00000000ed800000|100%| E|CS|TAMS 0x00000000ed700000, 0x00000000ed700000| Complete 
| 216|0x00000000ed800000, 0x00000000ed900000, 0x00000000ed900000|100%| E|CS|TAMS 0x00000000ed800000, 0x00000000ed800000| Complete 
| 217|0x00000000ed900000, 0x00000000eda00000, 0x00000000eda00000|100%| E|CS|TAMS 0x00000000ed900000, 0x00000000ed900000| Complete 
| 218|0x00000000eda00000, 0x00000000edb00000, 0x00000000edb00000|100%| E|CS|TAMS 0x00000000eda00000, 0x00000000eda00000| Complete 
| 219|0x00000000edb00000, 0x00000000edb56298, 0x00000000edc00000| 33%| S|CS|TAMS 0x00000000edb00000, 0x00000000edb00000| Complete 
| 220|0x00000000edc00000, 0x00000000edd00000, 0x00000000edd00000|100%| S|CS|TAMS 0x00000000edc00000, 0x00000000edc00000| Complete 
| 221|0x00000000edd00000, 0x00000000ede00000, 0x00000000ede00000|100%| S|CS|TAMS 0x00000000edd00000, 0x00000000edd00000| Complete 
| 222|0x00000000ede00000, 0x00000000edf00000, 0x00000000edf00000|100%| S|CS|TAMS 0x00000000ede00000, 0x00000000ede00000| Complete 
| 223|0x00000000edf00000, 0x00000000ee000000, 0x00000000ee000000|100%| S|CS|TAMS 0x00000000edf00000, 0x00000000edf00000| Complete 
| 224|0x00000000ee000000, 0x00000000ee100000, 0x00000000ee100000|100%| S|CS|TAMS 0x00000000ee000000, 0x00000000ee000000| Complete 
| 225|0x00000000ee100000, 0x00000000ee200000, 0x00000000ee200000|100%| S|CS|TAMS 0x00000000ee100000, 0x00000000ee100000| Complete 
| 226|0x00000000ee200000, 0x00000000ee300000, 0x00000000ee300000|100%| S|CS|TAMS 0x00000000ee200000, 0x00000000ee200000| Complete 
| 227|0x00000000ee300000, 0x00000000ee400000, 0x00000000ee400000|100%| S|CS|TAMS 0x00000000ee300000, 0x00000000ee300000| Complete 
| 228|0x00000000ee400000, 0x00000000ee500000, 0x00000000ee500000|100%| S|CS|TAMS 0x00000000ee400000, 0x00000000ee400000| Complete 
| 229|0x00000000ee500000, 0x00000000ee600000, 0x00000000ee600000|100%| S|CS|TAMS 0x00000000ee500000, 0x00000000ee500000| Complete 
| 230|0x00000000ee600000, 0x00000000ee700000, 0x00000000ee700000|100%| S|CS|TAMS 0x00000000ee600000, 0x00000000ee600000| Complete 
| 231|0x00000000ee700000, 0x00000000ee800000, 0x00000000ee800000|100%| E|CS|TAMS 0x00000000ee700000, 0x00000000ee700000| Complete 
| 232|0x00000000ee800000, 0x00000000ee900000, 0x00000000ee900000|100%| E|CS|TAMS 0x00000000ee800000, 0x00000000ee800000| Complete 
| 233|0x00000000ee900000, 0x00000000eea00000, 0x00000000eea00000|100%| E|CS|TAMS 0x00000000ee900000, 0x00000000ee900000| Complete 
| 234|0x00000000eea00000, 0x00000000eeb00000, 0x00000000eeb00000|100%| E|CS|TAMS 0x00000000eea00000, 0x00000000eea00000| Complete 
| 235|0x00000000eeb00000, 0x00000000eec00000, 0x00000000eec00000|100%| E|CS|TAMS 0x00000000eeb00000, 0x00000000eeb00000| Complete 
| 236|0x00000000eec00000, 0x00000000eed00000, 0x00000000eed00000|100%| E|CS|TAMS 0x00000000eec00000, 0x00000000eec00000| Complete 
| 237|0x00000000eed00000, 0x00000000eee00000, 0x00000000eee00000|100%| E|CS|TAMS 0x00000000eed00000, 0x00000000eed00000| Complete 
| 238|0x00000000eee00000, 0x00000000eef00000, 0x00000000eef00000|100%| E|CS|TAMS 0x00000000eee00000, 0x00000000eee00000| Complete 
| 239|0x00000000eef00000, 0x00000000ef000000, 0x00000000ef000000|100%| E|CS|TAMS 0x00000000eef00000, 0x00000000eef00000| Complete 
| 240|0x00000000ef000000, 0x00000000ef100000, 0x00000000ef100000|100%| E|CS|TAMS 0x00000000ef000000, 0x00000000ef000000| Complete 
| 241|0x00000000ef100000, 0x00000000ef200000, 0x00000000ef200000|100%| E|CS|TAMS 0x00000000ef100000, 0x00000000ef100000| Complete 
| 242|0x00000000ef200000, 0x00000000ef300000, 0x00000000ef300000|100%| E|CS|TAMS 0x00000000ef200000, 0x00000000ef200000| Complete 
| 243|0x00000000ef300000, 0x00000000ef400000, 0x00000000ef400000|100%| E|CS|TAMS 0x00000000ef300000, 0x00000000ef300000| Complete 
| 244|0x00000000ef400000, 0x00000000ef500000, 0x00000000ef500000|100%| E|CS|TAMS 0x00000000ef400000, 0x00000000ef400000| Complete 
| 245|0x00000000ef500000, 0x00000000ef600000, 0x00000000ef600000|100%| E|CS|TAMS 0x00000000ef500000, 0x00000000ef500000| Complete 
| 246|0x00000000ef600000, 0x00000000ef700000, 0x00000000ef700000|100%| E|CS|TAMS 0x00000000ef600000, 0x00000000ef600000| Complete 
| 247|0x00000000ef700000, 0x00000000ef800000, 0x00000000ef800000|100%| E|CS|TAMS 0x00000000ef700000, 0x00000000ef700000| Complete 
| 248|0x00000000ef800000, 0x00000000ef900000, 0x00000000ef900000|100%| E|CS|TAMS 0x00000000ef800000, 0x00000000ef800000| Complete 
| 249|0x00000000ef900000, 0x00000000efa00000, 0x00000000efa00000|100%| E|CS|TAMS 0x00000000ef900000, 0x00000000ef900000| Complete 
| 250|0x00000000efa00000, 0x00000000efb00000, 0x00000000efb00000|100%| E|CS|TAMS 0x00000000efa00000, 0x00000000efa00000| Complete 
| 251|0x00000000efb00000, 0x00000000efc00000, 0x00000000efc00000|100%| E|CS|TAMS 0x00000000efb00000, 0x00000000efb00000| Complete 
| 252|0x00000000efc00000, 0x00000000efd00000, 0x00000000efd00000|100%| E|CS|TAMS 0x00000000efc00000, 0x00000000efc00000| Complete 
| 253|0x00000000efd00000, 0x00000000efe00000, 0x00000000efe00000|100%| E|CS|TAMS 0x00000000efd00000, 0x00000000efd00000| Complete 
| 254|0x00000000efe00000, 0x00000000eff00000, 0x00000000eff00000|100%| E|CS|TAMS 0x00000000efe00000, 0x00000000efe00000| Complete 
| 255|0x00000000eff00000, 0x00000000f0000000, 0x00000000f0000000|100%| E|CS|TAMS 0x00000000eff00000, 0x00000000eff00000| Complete 

Card table byte_map: [0x0000020566610000,0x0000020566710000] _byte_map_base: 0x0000020565f10000

Marking Bits (Prev, Next): (CMBitMap*) 0x0000020553e8be50, (CMBitMap*) 0x0000020553e8be90
 Prev Bits: [0x0000020566810000, 0x0000020567010000)
 Next Bits: [0x0000020567010000, 0x0000020567810000)

Polling page: 0x0000020551dc0000

Metaspace:

Usage:
  Non-class:     38.80 MB used.
      Class:      5.93 MB used.
       Both:     44.73 MB used.

Virtual space:
  Non-class space:       64.00 MB reserved,      39.00 MB ( 61%) committed,  1 nodes.
      Class space:      208.00 MB reserved,       6.12 MB (  3%) committed,  1 nodes.
             Both:      272.00 MB reserved,      45.12 MB ( 17%) committed. 

Chunk freelists:
   Non-Class:  8.42 MB
       Class:  9.86 MB
        Both:  18.28 MB

MaxMetaspaceSize: 256.00 MB
CompressedClassSpaceSize: 208.00 MB
Initial GC threshold: 21.00 MB
Current GC threshold: 58.69 MB
CDS: off
MetaspaceReclaimPolicy: balanced
 - commit_granule_bytes: 65536.
 - commit_granule_words: 8192.
 - virtual_space_node_default_size: 8388608.
 - enlarge_chunks_in_place: 1.
 - new_chunks_are_fully_committed: 0.
 - uncommit_free_chunks: 1.
 - use_allocation_guard: 0.
 - handle_deallocations: 1.


Internal statistics:

num_allocs_failed_limit: 6.
num_arena_births: 350.
num_arena_deaths: 0.
num_vsnodes_births: 2.
num_vsnodes_deaths: 0.
num_space_committed: 722.
num_space_uncommitted: 0.
num_chunks_returned_to_freelist: 6.
num_chunks_taken_from_freelist: 1649.
num_chunk_merges: 0.
num_chunk_splits: 1110.
num_chunks_enlarged: 798.
num_inconsistent_stats: 0.

CodeHeap 'non-profiled nmethods': size=120000Kb used=2585Kb max_used=2585Kb free=117414Kb
 bounds [0x000002055f0e0000, 0x000002055f370000, 0x0000020566610000]
CodeHeap 'profiled nmethods': size=120000Kb used=8884Kb max_used=8884Kb free=111115Kb
 bounds [0x0000020557610000, 0x0000020557ec0000, 0x000002055eb40000]
CodeHeap 'non-nmethods': size=5760Kb used=2285Kb max_used=2315Kb free=3474Kb
 bounds [0x000002055eb40000, 0x000002055edb0000, 0x000002055f0e0000]
 total_blobs=5109 nmethods=4313 adapters=708
 compilation: enabled
              stopped_count=0, restarted_count=0
 full_count=0

Compilation events (20 events):
Event: 19.767 Thread 0x000002056e064d00 4258       4       groovyjarjarantlr4.v4.runtime.atn.SemanticContext$Predicate::hashCode (47 bytes)
Event: 19.767 Thread 0x000002056e064d00 nmethod 4258 0x000002055f361f10 code [0x000002055f362080, 0x000002055f3621b8]
Event: 19.767 Thread 0x000002056e064d00 4248       4       groovyjarjarantlr4.v4.runtime.atn.ATNConfig::hashCode (97 bytes)
Event: 19.769 Thread 0x000002056e064d00 nmethod 4248 0x000002055f362210 code [0x000002055f3623a0, 0x000002055f362718]
Event: 19.769 Thread 0x000002056e064d00 4261       4       groovyjarjarantlr4.v4.runtime.atn.ATNConfig::setOuterContextDepth (42 bytes)
Event: 19.769 Thread 0x000002056e064d00 nmethod 4261 0x000002055f362890 code [0x000002055f362a00, 0x000002055f362a98]
Event: 19.769 Thread 0x000002056e064d00 4274       4       groovyjarjarantlr4.v4.runtime.atn.ParserATNSimulator$1::compare (13 bytes)
Event: 19.770 Thread 0x000002056e064d00 nmethod 4274 0x000002055f362b90 code [0x000002055f362d20, 0x000002055f362ed8]
Event: 19.770 Thread 0x000002056e064d00 4276       4       groovyjarjarantlr4.v4.runtime.atn.ParserATNSimulator$1::compare (40 bytes)
Event: 19.771 Thread 0x000002056e064d00 nmethod 4276 0x000002055f363090 code [0x000002055f363220, 0x000002055f363378]
Event: 19.771 Thread 0x000002056e064d00 4221       4       groovyjarjarantlr4.v4.runtime.atn.ATNConfigSet$ATNConfigSetIterator::next (5 bytes)
Event: 19.772 Thread 0x000002056e064d00 nmethod 4221 0x000002055f363510 code [0x000002055f3636a0, 0x000002055f363818]
Event: 19.772 Thread 0x000002056e064d00 4212       4       groovyjarjarantlr4.v4.runtime.atn.ArrayPredictionContext::size (6 bytes)
Event: 19.773 Thread 0x000002056e064d00 nmethod 4212 0x000002055f363a10 code [0x000002055f363b80, 0x000002055f363c18]
Event: 19.773 Thread 0x000002056e064d00 4304       4       groovyjarjarantlr4.v4.runtime.atn.SingletonPredictionContext::getParent (23 bytes)
Event: 19.773 Thread 0x000002056e064d00 nmethod 4304 0x000002055f363d10 code [0x000002055f363e80, 0x000002055f363ef8]
Event: 19.773 Thread 0x000002056e064d00 4266       4       groovyjarjarantlr4.v4.runtime.dfa.HashEdgeMap::bucket (10 bytes)
Event: 19.773 Thread 0x000002056e064d00 nmethod 4266 0x000002055f364010 code [0x000002055f364180, 0x000002055f364218]
Event: 19.773 Thread 0x000002056e064d00 4199       4       jdk.internal.misc.Unsafe::weakCompareAndSetInt (11 bytes)
Event: 19.773 Thread 0x000002056e064d00 nmethod 4199 0x000002055f364310 code [0x000002055f364480, 0x000002055f364518]

GC Heap History (12 events):
Event: 0.658 GC heap before
{Heap before GC invocations=0 (full 0):
 garbage-first heap   total 262144K, used 16384K [0x00000000e0000000, 0x0000000100000000)
  region size 1024K, 13 young (13312K), 0 survivors (0K)
 Metaspace       used 7136K, committed 7296K, reserved 278528K
  class space    used 612K, committed 704K, reserved 212992K
}
Event: 0.668 GC heap after
{Heap after GC invocations=1 (full 0):
 garbage-first heap   total 262144K, used 3720K [0x00000000e0000000, 0x0000000100000000)
  region size 1024K, 2 young (2048K), 2 survivors (2048K)
 Metaspace       used 7136K, committed 7296K, reserved 278528K
  class space    used 612K, committed 704K, reserved 212992K
}
Event: 1.550 GC heap before
{Heap before GC invocations=1 (full 0):
 garbage-first heap   total 262144K, used 22152K [0x00000000e0000000, 0x0000000100000000)
  region size 1024K, 17 young (17408K), 2 survivors (2048K)
 Metaspace       used 11140K, committed 11328K, reserved 278528K
  class space    used 1165K, committed 1280K, reserved 212992K
}
Event: 1.554 GC heap after
{Heap after GC invocations=2 (full 0):
 garbage-first heap   total 262144K, used 9580K [0x00000000e0000000, 0x0000000100000000)
  region size 1024K, 3 young (3072K), 3 survivors (3072K)
 Metaspace       used 11140K, committed 11328K, reserved 278528K
  class space    used 1165K, committed 1280K, reserved 212992K
}
Event: 2.200 GC heap before
{Heap before GC invocations=2 (full 0):
 garbage-first heap   total 262144K, used 32108K [0x00000000e0000000, 0x0000000100000000)
  region size 1024K, 25 young (25600K), 3 survivors (3072K)
 Metaspace       used 11264K, committed 11456K, reserved 278528K
  class space    used 1167K, committed 1280K, reserved 212992K
}
Event: 2.207 GC heap after
{Heap after GC invocations=3 (full 0):
 garbage-first heap   total 262144K, used 13522K [0x00000000e0000000, 0x0000000100000000)
  region size 1024K, 4 young (4096K), 4 survivors (4096K)
 Metaspace       used 11264K, committed 11456K, reserved 278528K
  class space    used 1167K, committed 1280K, reserved 212992K
}
Event: 3.366 GC heap before
{Heap before GC invocations=3 (full 0):
 garbage-first heap   total 262144K, used 49362K [0x00000000e0000000, 0x0000000100000000)
  region size 1024K, 40 young (40960K), 4 survivors (4096K)
 Metaspace       used 21326K, committed 21504K, reserved 278528K
  class space    used 2590K, committed 2688K, reserved 212992K
}
Event: 3.375 GC heap after
{Heap after GC invocations=4 (full 0):
 garbage-first heap   total 262144K, used 17793K [0x00000000e0000000, 0x0000000100000000)
  region size 1024K, 9 young (9216K), 9 survivors (9216K)
 Metaspace       used 21326K, committed 21504K, reserved 278528K
  class space    used 2590K, committed 2688K, reserved 212992K
}
Event: 8.066 GC heap before
{Heap before GC invocations=5 (full 0):
 garbage-first heap   total 262144K, used 97665K [0x00000000e0000000, 0x0000000100000000)
  region size 1024K, 77 young (78848K), 9 survivors (9216K)
 Metaspace       used 32041K, committed 32320K, reserved 278528K
  class space    used 4335K, committed 4480K, reserved 212992K
}
Event: 8.078 GC heap after
{Heap after GC invocations=6 (full 0):
 garbage-first heap   total 262144K, used 34903K [0x00000000e0000000, 0x0000000100000000)
  region size 1024K, 10 young (10240K), 10 survivors (10240K)
 Metaspace       used 32041K, committed 32320K, reserved 278528K
  class space    used 4335K, committed 4480K, reserved 212992K
}
Event: 10.726 GC heap before
{Heap before GC invocations=6 (full 0):
 garbage-first heap   total 262144K, used 59479K [0x00000000e0000000, 0x0000000100000000)
  region size 1024K, 35 young (35840K), 10 survivors (10240K)
 Metaspace       used 35627K, committed 35968K, reserved 278528K
  class space    used 4912K, committed 5120K, reserved 212992K
}
Event: 10.732 GC heap after
{Heap after GC invocations=7 (full 0):
 garbage-first heap   total 262144K, used 36272K [0x00000000e0000000, 0x0000000100000000)
  region size 1024K, 12 young (12288K), 12 survivors (12288K)
 Metaspace       used 35627K, committed 35968K, reserved 278528K
  class space    used 4912K, committed 5120K, reserved 212992K
}

Dll operation events (3 events):
Event: 0.005 Loaded shared library C:\Users\VITE\.jdks\jbr-17.0.9\bin\java.dll
Event: 0.073 Loaded shared library C:\Users\VITE\.jdks\jbr-17.0.9\bin\jsvml.dll
Event: 0.537 Loaded shared library C:\Users\VITE\.jdks\jbr-17.0.9\bin\verify.dll

Deoptimization events (20 events):
Event: 19.688 Thread 0x000002056ff2ae00 Uncommon trap: trap_request=0xffffff45 fr.pc=0x000002055f2c5be8 relative=0x0000000000000248
Event: 19.688 Thread 0x000002056ff2ae00 Uncommon trap: reason=unstable_if action=reinterpret pc=0x000002055f2c5be8 method=java.util.HashMap.getNode(Ljava/lang/Object;)Ljava/util/HashMap$Node; @ 85 c2
Event: 19.688 Thread 0x000002056ff2ae00 DEOPT PACKING pc=0x000002055f2c5be8 sp=0x00000032cb3f7620
Event: 19.688 Thread 0x000002056ff2ae00 DEOPT UNPACKING pc=0x000002055eb969a3 sp=0x00000032cb3f7520 mode 2
Event: 19.688 Thread 0x000002056ff2ae00 Uncommon trap: trap_request=0xffffff45 fr.pc=0x000002055f2a11c0 relative=0x0000000000000220
Event: 19.688 Thread 0x000002056ff2ae00 Uncommon trap: reason=unstable_if action=reinterpret pc=0x000002055f2a11c0 method=java.util.HashMap.getNode(Ljava/lang/Object;)Ljava/util/HashMap$Node; @ 85 c2
Event: 19.688 Thread 0x000002056ff2ae00 DEOPT PACKING pc=0x000002055f2a11c0 sp=0x00000032cb3f7590
Event: 19.688 Thread 0x000002056ff2ae00 DEOPT UNPACKING pc=0x000002055eb969a3 sp=0x00000032cb3f7510 mode 2
Event: 19.688 Thread 0x000002056ff2ae00 Uncommon trap: trap_request=0xffffff45 fr.pc=0x000002055f26bafc relative=0x000000000000069c
Event: 19.688 Thread 0x000002056ff2ae00 Uncommon trap: reason=unstable_if action=reinterpret pc=0x000002055f26bafc method=java.util.HashMap.putVal(ILjava/lang/Object;Ljava/lang/Object;ZZ)Ljava/lang/Object; @ 109 c2
Event: 19.688 Thread 0x000002056ff2ae00 DEOPT PACKING pc=0x000002055f26bafc sp=0x00000032cb3f75a0
Event: 19.688 Thread 0x000002056ff2ae00 DEOPT UNPACKING pc=0x000002055eb969a3 sp=0x00000032cb3f7528 mode 2
Event: 19.723 Thread 0x000002056ff2ae00 Uncommon trap: trap_request=0xffffff45 fr.pc=0x000002055f357bb4 relative=0x0000000000003874
Event: 19.723 Thread 0x000002056ff2ae00 Uncommon trap: reason=unstable_if action=reinterpret pc=0x000002055f357bb4 method=groovyjarjarantlr4.v4.runtime.atn.ParserATNSimulator.closure(Lgroovyjarjarantlr4/v4/runtime/atn/ATNConfig;Lgroovyjarjarantlr4/v4/runtime/atn/ATNConfigSet;Lgroovyjarjarantlr4
Event: 19.723 Thread 0x000002056ff2ae00 DEOPT PACKING pc=0x000002055f357bb4 sp=0x00000032cb3f5730
Event: 19.723 Thread 0x000002056ff2ae00 DEOPT UNPACKING pc=0x000002055eb969a3 sp=0x00000032cb3f56e8 mode 2
Event: 19.742 Thread 0x00000205705df4f0 Uncommon trap: trap_request=0xffffffbe fr.pc=0x000002055f2eb278 relative=0x00000000000004f8
Event: 19.742 Thread 0x00000205705df4f0 Uncommon trap: reason=profile_predicate action=maybe_recompile pc=0x000002055f2eb278 method=java.util.stream.ReferencePipeline.forEachWithCancel(Ljava/util/Spliterator;Ljava/util/stream/Sink;)Z @ 8 c2
Event: 19.742 Thread 0x00000205705df4f0 DEOPT PACKING pc=0x000002055f2eb278 sp=0x00000032cadfebe0
Event: 19.742 Thread 0x00000205705df4f0 DEOPT UNPACKING pc=0x000002055eb969a3 sp=0x00000032cadfeb80 mode 2

Classes unloaded (0 events):
No events

Classes redefined (0 events):
No events

Internal exceptions (20 events):
Event: 15.535 Thread 0x000002056ff2ae00 Exception <a 'java/lang/ClassNotFoundException'{0x00000000ed0d84d8}: org/gradle/groovy/scripts/BasicScriptCustomizer> (0x00000000ed0d84d8) 
thrown [s\src\hotspot\share\classfile\systemDictionary.cpp, line 256]
Event: 15.535 Thread 0x000002056ff2ae00 Exception <a 'java/lang/ClassNotFoundException'{0x00000000ed0ef358}: org/gradle/groovy/scripts/DefaultScriptCustomizer> (0x00000000ed0ef358) 
thrown [s\src\hotspot\share\classfile\systemDictionary.cpp, line 256]
Event: 15.537 Thread 0x000002056ff2ae00 Exception <a 'java/lang/ClassNotFoundException'{0x00000000ecf2e7c8}: org/gradle/initialization/InitScriptCustomizer> (0x00000000ecf2e7c8) 
thrown [s\src\hotspot\share\classfile\systemDictionary.cpp, line 256]
Event: 15.538 Thread 0x000002056ff2ae00 Exception <a 'java/lang/ClassNotFoundException'{0x00000000ecf3d618}: ijIdeaPluginConfigurator1_bnjpihnizq7vhv1c97m4rwf1yCustomizer> (0x00000000ecf3d618) 
thrown [s\src\hotspot\share\classfile\systemDictionary.cpp, line 256]
Event: 15.545 Thread 0x000002056ff2ae00 Exception <a 'java/lang/ClassNotFoundException'{0x00000000ecfdb748}: org/gradle/internal/extensibility/DefaultExtraPropertiesExtensionBeanInfo> (0x00000000ecfdb748) 
thrown [s\src\hotspot\share\classfile\systemDictionary.cpp, line 256]
Event: 15.545 Thread 0x000002056ff2ae00 Exception <a 'java/lang/ClassNotFoundException'{0x00000000ecfe60c8}: org/gradle/internal/extensibility/DefaultExtraPropertiesExtensionCustomizer> (0x00000000ecfe60c8) 
thrown [s\src\hotspot\share\classfile\systemDictionary.cpp, line 256]
Event: 16.454 Thread 0x000002056ff2ae00 Exception <a 'java/lang/ClassNotFoundException'{0x00000000ecd549e0}: groovy/lang/Closure$1BeanInfo> (0x00000000ecd549e0) 
thrown [s\src\hotspot\share\classfile\systemDictionary.cpp, line 256]
Event: 16.454 Thread 0x000002056ff2ae00 Exception <a 'java/lang/ClassNotFoundException'{0x00000000ecd78730}: groovy/lang/ClosureBeanInfo> (0x00000000ecd78730) 
thrown [s\src\hotspot\share\classfile\systemDictionary.cpp, line 256]
Event: 16.455 Thread 0x000002056ff2ae00 Exception <a 'java/lang/ClassNotFoundException'{0x00000000ecd9c638}: groovy/lang/ClosureCustomizer> (0x00000000ecd9c638) 
thrown [s\src\hotspot\share\classfile\systemDictionary.cpp, line 256]
Event: 16.457 Thread 0x000002056ff2ae00 Exception <a 'java/lang/ClassNotFoundException'{0x00000000ecde41c0}: groovy/lang/Closure$1Customizer> (0x00000000ecde41c0) 
thrown [s\src\hotspot\share\classfile\systemDictionary.cpp, line 256]
Event: 16.951 Thread 0x000002056ff2ae00 Exception <a 'java/lang/ClassNotFoundException'{0x00000000ecab38a0}: org/gradle/invocation/DefaultGradle_DecoratedBeanInfo> (0x00000000ecab38a0) 
thrown [s\src\hotspot\share\classfile\systemDictionary.cpp, line 256]
Event: 16.952 Thread 0x000002056ff2ae00 Exception <a 'java/lang/ClassNotFoundException'{0x00000000ecac35c8}: org/gradle/invocation/DefaultGradleBeanInfo> (0x00000000ecac35c8) 
thrown [s\src\hotspot\share\classfile\systemDictionary.cpp, line 256]
Event: 16.952 Thread 0x000002056ff2ae00 Exception <a 'java/lang/ClassNotFoundException'{0x00000000ecad37f8}: org/gradle/api/internal/project/AbstractPluginAwareBeanInfo> (0x00000000ecad37f8) 
thrown [s\src\hotspot\share\classfile\systemDictionary.cpp, line 256]
Event: 16.953 Thread 0x000002056ff2ae00 Exception <a 'java/lang/ClassNotFoundException'{0x00000000ecae3920}: org/gradle/api/internal/project/AbstractPluginAwareCustomizer> (0x00000000ecae3920) 
thrown [s\src\hotspot\share\classfile\systemDictionary.cpp, line 256]
Event: 16.956 Thread 0x000002056ff2ae00 Exception <a 'java/lang/ClassNotFoundException'{0x00000000ecaf9b20}: org/gradle/invocation/DefaultGradleCustomizer> (0x00000000ecaf9b20) 
thrown [s\src\hotspot\share\classfile\systemDictionary.cpp, line 256]
Event: 16.960 Thread 0x000002056ff2ae00 Exception <a 'java/lang/ClassNotFoundException'{0x00000000ec93ce38}: org/gradle/invocation/DefaultGradle_DecoratedCustomizer> (0x00000000ec93ce38) 
thrown [s\src\hotspot\share\classfile\systemDictionary.cpp, line 256]
Event: 19.270 Thread 0x000002056ff2ae00 Exception <a 'java/lang/ClassNotFoundException'{0x00000000ec6fbfb0}: ijMapper1_700z890aryuxtqw2yp49aw3x5BeanInfo> (0x00000000ec6fbfb0) 
thrown [s\src\hotspot\share\classfile\systemDictionary.cpp, line 256]
Event: 19.270 Thread 0x000002056ff2ae00 Exception <a 'java/lang/ClassNotFoundException'{0x00000000ec502e00}: ijMapper1_700z890aryuxtqw2yp49aw3x5Customizer> (0x00000000ec502e00) 
thrown [s\src\hotspot\share\classfile\systemDictionary.cpp, line 256]
Event: 19.369 Thread 0x000002056ff2ae00 Exception <a 'java/lang/NoSuchMethodError'{0x00000000ec3b1ed8}: 'void java.lang.invoke.DirectMethodHandle$Holder.invokeVirtual(java.lang.Object, java.lang.Object)'> (0x00000000ec3b1ed8) 
thrown [s\src\hotspot\share\interpreter\linkResolver.cpp, line 771]
Event: 19.375 Thread 0x000002056ff2ae00 Exception <a 'java/lang/NoSuchMethodError'{0x00000000ec3f5760}: 'void java.lang.invoke.DirectMethodHandle$Holder.invokeStatic(java.lang.Object, java.lang.Object, java.lang.Object, java.lang.Object, java.lang.Object, java.lang.Object)'> (0x00000000ec3f5760) 
thrown [s\src\hotspot\share\interpreter\linkResolver.cpp, line 771]

VM Operations (20 events):
Event: 16.147 Executing VM operation: Cleanup
Event: 16.345 Executing VM operation: Cleanup done
Event: 17.351 Executing VM operation: Cleanup
Event: 17.351 Executing VM operation: Cleanup done
Event: 18.360 Executing VM operation: Cleanup
Event: 18.360 Executing VM operation: Cleanup done
Event: 19.365 Executing VM operation: Cleanup
Event: 19.365 Executing VM operation: Cleanup done
Event: 19.520 Executing VM operation: HandshakeAllThreads
Event: 19.520 Executing VM operation: HandshakeAllThreads done
Event: 19.620 Executing VM operation: HandshakeAllThreads
Event: 19.620 Executing VM operation: HandshakeAllThreads done
Event: 19.626 Executing VM operation: HandshakeAllThreads
Event: 19.626 Executing VM operation: HandshakeAllThreads done
Event: 19.653 Executing VM operation: HandshakeAllThreads
Event: 19.653 Executing VM operation: HandshakeAllThreads done
Event: 19.657 Executing VM operation: HandshakeAllThreads
Event: 19.657 Executing VM operation: HandshakeAllThreads done
Event: 19.657 Executing VM operation: ICBufferFull
Event: 19.657 Executing VM operation: ICBufferFull done

Events (20 events):
Event: 19.652 loading class java/util/stream/SortedOps done
Event: 19.652 loading class java/util/stream/SortedOps$OfInt
Event: 19.652 loading class java/util/stream/IntPipeline$StatefulOp
Event: 19.652 loading class java/util/stream/IntPipeline$StatefulOp done
Event: 19.652 loading class java/util/stream/SortedOps$OfInt done
Event: 19.653 loading class java/util/stream/Nodes$IntFixedNodeBuilder
Event: 19.653 loading class java/util/stream/Node$Builder$OfInt
Event: 19.653 loading class java/util/stream/Node$Builder$OfInt done
Event: 19.653 loading class java/util/stream/Nodes$IntArrayNode
Event: 19.653 loading class java/util/stream/Nodes$IntArrayNode done
Event: 19.653 loading class java/util/stream/Nodes$IntFixedNodeBuilder done
Event: 19.653 loading class java/util/stream/SortedOps$SizedIntSortingSink
Event: 19.653 loading class java/util/stream/SortedOps$AbstractIntSortingSink
Event: 19.654 loading class java/util/stream/SortedOps$AbstractIntSortingSink done
Event: 19.654 loading class java/util/stream/SortedOps$SizedIntSortingSink done
Event: 19.654 loading class java/util/stream/ReferencePipeline$4$1
Event: 19.654 loading class java/util/stream/ReferencePipeline$4$1 done
Event: 19.655 Thread 0x000002056edb3b20 Thread added: 0x000002056edb3b20
Event: 19.701 loading class java/util/Collections$SingletonMap
Event: 19.701 loading class java/util/Collections$SingletonMap done


Dynamic libraries:
0x00007ff7de0c0000 - 0x00007ff7de0ca000 	C:\Users\VITE\.jdks\jbr-17.0.9\bin\java.exe
0x00007ff95dab0000 - 0x00007ff95dcc6000 	C:\Windows\SYSTEM32\ntdll.dll
0x00007ff95c950000 - 0x00007ff95ca14000 	C:\Windows\System32\KERNEL32.DLL
0x00007ff95b3b0000 - 0x00007ff95b757000 	C:\Windows\System32\KERNELBASE.dll
0x00007ff958130000 - 0x00007ff9581c7000 	C:\Windows\SYSTEM32\apphelp.dll
0x00007ff95af30000 - 0x00007ff95b041000 	C:\Windows\System32\ucrtbase.dll
0x00007ff9477c0000 - 0x00007ff9477d7000 	C:\Users\VITE\.jdks\jbr-17.0.9\bin\jli.dll
0x00007ff95b8d0000 - 0x00007ff95ba7e000 	C:\Windows\System32\USER32.dll
0x00007ff95b380000 - 0x00007ff95b3a6000 	C:\Windows\System32\win32u.dll
0x00007ff95b850000 - 0x00007ff95b879000 	C:\Windows\System32\GDI32.dll
0x00007ff95b0c0000 - 0x00007ff95b1d9000 	C:\Windows\System32\gdi32full.dll
0x00007ff95add0000 - 0x00007ff95ae6a000 	C:\Windows\System32\msvcp_win.dll
0x00007ff949210000 - 0x00007ff94922b000 	C:\Users\VITE\.jdks\jbr-17.0.9\bin\VCRUNTIME140.dll
0x00007ff949c50000 - 0x00007ff949ee3000 	C:\Windows\WinSxS\amd64_microsoft.windows.common-controls_6595b64144ccf1df_6.0.22621.3235_none_270f74e173860f98\COMCTL32.dll
0x00007ff95bd80000 - 0x00007ff95be27000 	C:\Windows\System32\msvcrt.dll
0x00007ff95bb80000 - 0x00007ff95bbb1000 	C:\Windows\System32\IMM32.DLL
0x00007ff9580e0000 - 0x00007ff9580ec000 	C:\Users\VITE\.jdks\jbr-17.0.9\bin\vcruntime140_1.dll
0x00007ff93aa80000 - 0x00007ff93ab0d000 	C:\Users\VITE\.jdks\jbr-17.0.9\bin\msvcp140.dll
0x00007ff92ee70000 - 0x00007ff92faf2000 	C:\Users\VITE\.jdks\jbr-17.0.9\bin\server\jvm.dll
0x00007ff95ca30000 - 0x00007ff95cae2000 	C:\Windows\System32\ADVAPI32.dll
0x00007ff95be90000 - 0x00007ff95bf38000 	C:\Windows\System32\sechost.dll
0x00007ff95b1e0000 - 0x00007ff95b208000 	C:\Windows\System32\bcrypt.dll
0x00007ff95c0a0000 - 0x00007ff95c1b5000 	C:\Windows\System32\RPCRT4.dll
0x00007ff95aaf0000 - 0x00007ff95ab3d000 	C:\Windows\SYSTEM32\POWRPROF.dll
0x00007ff956ca0000 - 0x00007ff956ca9000 	C:\Windows\SYSTEM32\WSOCK32.dll
0x00007ff95ba80000 - 0x00007ff95baf1000 	C:\Windows\System32\WS2_32.dll
0x00007ff9518e0000 - 0x00007ff951914000 	C:\Windows\SYSTEM32\WINMM.dll
0x00007ff954b20000 - 0x00007ff954b2a000 	C:\Windows\SYSTEM32\VERSION.dll
0x00007ff95aad0000 - 0x00007ff95aae3000 	C:\Windows\SYSTEM32\UMPDC.dll
0x00007ff959dd0000 - 0x00007ff959de8000 	C:\Windows\SYSTEM32\kernel.appcore.dll
0x00007ff944fb0000 - 0x00007ff944fba000 	C:\Users\VITE\.jdks\jbr-17.0.9\bin\jimage.dll
0x00007ff950bd0000 - 0x00007ff950e03000 	C:\Windows\SYSTEM32\DBGHELP.DLL
0x00007ff95d500000 - 0x00007ff95d888000 	C:\Windows\System32\combase.dll
0x00007ff95d890000 - 0x00007ff95d967000 	C:\Windows\System32\OLEAUT32.dll
0x00007ff945dd0000 - 0x00007ff945e02000 	C:\Windows\SYSTEM32\dbgcore.DLL
0x00007ff95b760000 - 0x00007ff95b7d9000 	C:\Windows\System32\bcryptPrimitives.dll
0x00007ff93d750000 - 0x00007ff93d775000 	C:\Users\VITE\.jdks\jbr-17.0.9\bin\java.dll
0x00007ff93dde0000 - 0x00007ff93ddf8000 	C:\Users\VITE\.jdks\jbr-17.0.9\bin\zip.dll
0x00007ff93a9a0000 - 0x00007ff93aa77000 	C:\Users\VITE\.jdks\jbr-17.0.9\bin\jsvml.dll
0x00007ff95cb30000 - 0x00007ff95d38c000 	C:\Windows\System32\SHELL32.dll
0x00007ff958ce0000 - 0x00007ff9595d9000 	C:\Windows\SYSTEM32\windows.storage.dll
0x00007ff958ba0000 - 0x00007ff958cde000 	C:\Windows\SYSTEM32\wintypes.dll
0x00007ff95d970000 - 0x00007ff95da63000 	C:\Windows\System32\SHCORE.dll
0x00007ff95be30000 - 0x00007ff95be8e000 	C:\Windows\System32\shlwapi.dll
0x00007ff95ad00000 - 0x00007ff95ad21000 	C:\Windows\SYSTEM32\profapi.dll
0x00007ff93d730000 - 0x00007ff93d749000 	C:\Users\VITE\.jdks\jbr-17.0.9\bin\net.dll
0x00007ff9557d0000 - 0x00007ff955906000 	C:\Windows\SYSTEM32\WINHTTP.dll
0x00007ff95a230000 - 0x00007ff95a299000 	C:\Windows\system32\mswsock.dll
0x00007ff93d5a0000 - 0x00007ff93d5b6000 	C:\Users\VITE\.jdks\jbr-17.0.9\bin\nio.dll
0x00007ff944fa0000 - 0x00007ff944fb0000 	C:\Users\VITE\.jdks\jbr-17.0.9\bin\verify.dll
0x00007ff949230000 - 0x00007ff949257000 	C:\Users\VITE\.gradle\native\e1d6ef7f7dcc3fd88c89a11ec53ec762bb8ba0a96d01ffa2cd45eb1d1d8dd5c5\windows-amd64\native-platform.dll
0x00007ff9324b0000 - 0x00007ff9325f4000 	C:\Users\VITE\.gradle\native\0d407fdbe67a94daf76414ababcb853783967236a71b16ec16e742cd7a986fd3\windows-amd64\native-platform-file-events.dll
0x00007ff9428f0000 - 0x00007ff9428f9000 	C:\Users\VITE\.jdks\jbr-17.0.9\bin\management.dll
0x00007ff942020000 - 0x00007ff94202b000 	C:\Users\VITE\.jdks\jbr-17.0.9\bin\management_ext.dll
0x00007ff95d4f0000 - 0x00007ff95d4f8000 	C:\Windows\System32\PSAPI.DLL
0x00007ff95a580000 - 0x00007ff95a59b000 	C:\Windows\SYSTEM32\CRYPTSP.dll
0x00007ff959d30000 - 0x00007ff959d65000 	C:\Windows\system32\rsaenh.dll
0x00007ff95a2d0000 - 0x00007ff95a2f8000 	C:\Windows\SYSTEM32\USERENV.dll
0x00007ff95a560000 - 0x00007ff95a56c000 	C:\Windows\SYSTEM32\CRYPTBASE.dll
0x00007ff959840000 - 0x00007ff95986d000 	C:\Windows\SYSTEM32\IPHLPAPI.DLL
0x00007ff95c940000 - 0x00007ff95c949000 	C:\Windows\System32\NSI.dll
0x00007ff955490000 - 0x00007ff9554a9000 	C:\Windows\SYSTEM32\dhcpcsvc6.DLL
0x00007ff955470000 - 0x00007ff95548f000 	C:\Windows\SYSTEM32\dhcpcsvc.DLL
0x00007ff9598b0000 - 0x00007ff9599a9000 	C:\Windows\SYSTEM32\DNSAPI.dll
0x00007ff941c10000 - 0x00007ff941c1e000 	C:\Users\VITE\.jdks\jbr-17.0.9\bin\sunmscapi.dll
0x00007ff95b210000 - 0x00007ff95b377000 	C:\Windows\System32\CRYPT32.dll
0x00007ff95a600000 - 0x00007ff95a62e000 	C:\Windows\SYSTEM32\ncrypt.dll
0x00007ff95a5c0000 - 0x00007ff95a5f7000 	C:\Windows\SYSTEM32\NTASN1.dll
0x00007ff9477b0000 - 0x00007ff9477b8000 	C:\Windows\system32\wshunix.dll

dbghelp: loaded successfully - version: 4.0.5 - missing functions: none
symbol engine: initialized successfully - sym options: 0x614 - pdb path: .;C:\Users\VITE\.jdks\jbr-17.0.9\bin;C:\Windows\SYSTEM32;C:\Windows\WinSxS\amd64_microsoft.windows.common-controls_6595b64144ccf1df_6.0.22621.3235_none_270f74e173860f98;C:\Users\VITE\.jdks\jbr-17.0.9\bin\server;C:\Users\VITE\.gradle\native\e1d6ef7f7dcc3fd88c89a11ec53ec762bb8ba0a96d01ffa2cd45eb1d1d8dd5c5\windows-amd64;C:\Users\VITE\.gradle\native\0d407fdbe67a94daf76414ababcb853783967236a71b16ec16e742cd7a986fd3\windows-amd64

VM Arguments:
jvm_args: --add-opens=java.base/java.util=ALL-UNNAMED --add-opens=java.base/java.lang=ALL-UNNAMED --add-opens=java.base/java.lang.invoke=ALL-UNNAMED --add-opens=java.base/java.util=ALL-UNNAMED --add-opens=java.prefs/java.util.prefs=ALL-UNNAMED --add-opens=java.prefs/java.util.prefs=ALL-UNNAMED --add-opens=java.base/java.nio.charset=ALL-UNNAMED --add-opens=java.base/java.net=ALL-UNNAMED --add-opens=java.base/java.util.concurrent.atomic=ALL-UNNAMED -XX:MaxMetaspaceSize=256m -XX:+HeapDumpOnOutOfMemoryError -Xms256m -Xmx512m -Dfile.encoding=windows-1252 -Duser.country=PE -Duser.language=es -Duser.variant 
java_command: org.gradle.launcher.daemon.bootstrap.GradleDaemon 7.4
java_class_path (initial): C:\Users\VITE\.gradle\wrapper\dists\gradle-7.4-bin\c0gwcg53nkjbqw7r0h0umtfvt\gradle-7.4\lib\gradle-launcher-7.4.jar
Launcher Type: SUN_STANDARD

[Global flags]
     intx CICompilerCount                          = 3                                         {product} {ergonomic}
   size_t CompressedClassSpaceSize                 = 218103808                                 {product} {ergonomic}
     uint ConcGCThreads                            = 1                                         {product} {ergonomic}
     uint G1ConcRefinementThreads                  = 4                                         {product} {ergonomic}
   size_t G1HeapRegionSize                         = 1048576                                   {product} {ergonomic}
    uintx GCDrainStackTargetSize                   = 64                                        {product} {ergonomic}
     bool HeapDumpOnOutOfMemoryError               = true                                   {manageable} {command line}
   size_t InitialHeapSize                          = 268435456                                 {product} {command line}
   size_t MarkStackSize                            = 4194304                                   {product} {ergonomic}
   size_t MaxHeapSize                              = 536870912                                 {product} {command line}
   size_t MaxMetaspaceSize                         = 268435456                                 {product} {command line}
   size_t MaxNewSize                               = 321912832                                 {product} {ergonomic}
   size_t MinHeapDeltaBytes                        = 1048576                                   {product} {ergonomic}
   size_t MinHeapSize                              = 268435456                                 {product} {command line}
    uintx NonNMethodCodeHeapSize                   = 5832780                                {pd product} {ergonomic}
    uintx NonProfiledCodeHeapSize                  = 122912730                              {pd product} {ergonomic}
    uintx ProfiledCodeHeapSize                     = 122912730                              {pd product} {ergonomic}
    uintx ReservedCodeCacheSize                    = 251658240                              {pd product} {ergonomic}
     bool SegmentedCodeCache                       = true                                      {product} {ergonomic}
   size_t SoftMaxHeapSize                          = 536870912                              {manageable} {ergonomic}
     bool UseCompressedClassPointers               = true                           {product lp64_product} {ergonomic}
     bool UseCompressedOops                        = true                           {product lp64_product} {ergonomic}
     bool UseG1GC                                  = true                                      {product} {ergonomic}
     bool UseLargePagesIndividualAllocation        = false                                  {pd product} {ergonomic}

Logging:
Log output configuration:
 #0: stdout all=warning uptime,level,tags
 #1: stderr all=off uptime,level,tags

Environment Variables:
PATH=C:\Program Files\Common Files\Oracle\Java\javapath;C:\Windows\system32;C:\Windows;C:\Windows\System32\Wbem;C:\Windows\System32\WindowsPowerShell\v1.0\;C:\Windows\System32\OpenSSH\;C:\Program Files\nodejs\;C:\Program Files\Git\cmd;C:\Program Files (x86)\NVIDIA Corporation\PhysX\Common;C:\Users\VITE\AppData\Local\Programs\Python\Python312\Scripts\;C:\Users\VITE\AppData\Local\Programs\Python\Python312\;C:\Users\VITE\AppData\Local\Microsoft\WindowsApps;C:\Users\VITE\AppData\Roaming\npm;C:\Users\VITE\AppData\Local\Programs\Microsoft VS Code\bin;C:\Gradle\gradle-8.7\bin;C:\Users\VITE\AppData\Local\Google\Cloud SDK\google-cloud-sdk\bin
USERNAME=VITE
OS=Windows_NT
PROCESSOR_IDENTIFIER=Intel64 Family 6 Model 151 Stepping 2, GenuineIntel
TMP=C:\Users\VITE\AppData\Local\Temp
TEMP=C:\Users\VITE\AppData\Local\Temp



Periodic native trim disabled

JNI global refs:
JNI global refs: 25, weak refs: 18

JNI global refs memory usage: 843, weak refs: 841

OOME stack traces (most recent first):
Classloader memory used:
Loader org.gradle.internal.classloader.VisitableURLClassLoader                         : 2777K
Loader bootstrap                                                                       : 2337K
Loader org.gradle.initialization.MixInLegacyTypesClassLoader                           : 420K
Loader org.gradle.internal.classloader.VisitableURLClassLoader                         : 74332B
Loader jdk.internal.loader.ClassLoaders$PlatformClassLoader                            : 72686B
Loader jdk.internal.loader.ClassLoaders$AppClassLoader                                 : 25117B
Loader jdk.internal.reflect.DelegatingClassLoader                                      : 19049B
Loader org.gradle.groovy.scripts.internal.DefaultScriptCompilationHandler$ScriptClassLoader: 3182B
Loader org.codehaus.groovy.runtime.callsite.CallSiteClassLoader                        : 446B

Classes loaded by more than one classloader:
Class org.gradle.api.GradleException                                                  : loaded 3 times (x 80B)
Class org.gradle.util.GradleVersion                                                   : loaded 2 times (x 81B)
Class org.gradle.internal.classpath.ClassPath                                         : loaded 2 times (x 68B)
Class org.gradle.api.internal.classpath.DefaultModuleRegistry                         : loaded 2 times (x 84B)
Class org.gradle.api.Action                                                           : loaded 2 times (x 68B)
Class org.gradle.api.internal.DefaultClassPathProvider                                : loaded 2 times (x 74B)
Class org.gradle.internal.installation.GradleInstallation$1                           : loaded 2 times (x 73B)
Class org.gradle.internal.exceptions.DefaultMultiCauseException                       : loaded 2 times (x 93B)
Class org.gradle.internal.time.MonotonicClock                                         : loaded 2 times (x 75B)
Class org.gradle.internal.classloader.FilteringClassLoader                            : loaded 2 times (x 103B)
Class org.gradle.internal.classloader.ClassLoaderVisitor                              : loaded 2 times (x 74B)
Class org.gradle.internal.time.DefaultCountdownTimer                                  : loaded 2 times (x 86B)
Class org.gradle.internal.service.DefaultServiceLocator                               : loaded 2 times (x 81B)
Class org.gradle.internal.service.UnknownServiceException                             : loaded 2 times (x 81B)
Class org.gradle.internal.classloader.DefaultClassLoaderFactory                       : loaded 2 times (x 80B)
Class org.gradle.internal.classloader.VisitableURLClassLoader$Spec                    : loaded 2 times (x 72B)
Class org.gradle.tooling.model.ProjectModel                                           : loaded 2 times (x 68B)
Class org.gradle.internal.installation.GradleInstallation                             : loaded 2 times (x 73B)
Class org.gradle.api.internal.classpath.ModuleRegistry                                : loaded 2 times (x 68B)
Class org.gradle.api.internal.ClassPathProvider                                       : loaded 2 times (x 68B)
Class org.gradle.internal.classloader.ClasspathUtil$1                                 : loaded 2 times (x 74B)
Class org.gradle.internal.classloader.ClassLoaderFactory                              : loaded 2 times (x 68B)
Class org.gradle.api.internal.classpath.ManifestUtil                                  : loaded 2 times (x 69B)
Class org.gradle.api.specs.Spec                                                       : loaded 2 times (x 68B)
Class org.gradle.internal.IoActions                                                   : loaded 2 times (x 69B)
Class org.gradle.api.internal.classpath.EffectiveClassPath                            : loaded 2 times (x 88B)
Class org.gradle.internal.installation.CurrentGradleInstallation                      : loaded 2 times (x 71B)
Class org.gradle.internal.installation.CurrentGradleInstallationLocator               : loaded 2 times (x 69B)
Class org.gradle.api.internal.classpath.Module                                        : loaded 2 times (x 68B)
Class org.gradle.internal.service.CachingServiceLocator                               : loaded 2 times (x 80B)
Class org.gradle.internal.time.Timer                                                  : loaded 2 times (x 68B)
Class org.gradle.internal.classpath.DefaultClassPath                                  : loaded 2 times (x 88B)
Class org.gradle.api.Transformer                                                      : loaded 2 times (x 68B)
Class kotlin.jvm.functions.Function1                                                  : loaded 2 times (x 68B)
Class org.gradle.internal.time.Time                                                   : loaded 2 times (x 69B)
Class org.gradle.internal.time.TimeSource$1                                           : loaded 2 times (x 75B)
Class org.gradle.internal.classloader.SystemClassLoaderSpec                           : loaded 2 times (x 69B)
Class kotlin.Function                                                                 : loaded 2 times (x 68B)
Class org.gradle.api.UncheckedIOException                                             : loaded 2 times (x 80B)
Class org.gradle.internal.time.CountdownTimer                                         : loaded 2 times (x 68B)
Class org.gradle.internal.time.Clock                                                  : loaded 2 times (x 68B)
Class org.gradle.internal.classloader.ClasspathUtil                                   : loaded 2 times (x 69B)
Class org.gradle.api.internal.DefaultClassPathRegistry                                : loaded 2 times (x 74B)
Class org.gradle.api.internal.classpath.DefaultModuleRegistry$DefaultModule           : loaded 2 times (x 84B)
Class org.gradle.internal.time.TimeSource                                             : loaded 2 times (x 68B)
Class org.gradle.api.internal.classpath.UnknownModuleException                        : loaded 2 times (x 80B)
Class org.gradle.internal.service.ServiceLookupException                              : loaded 2 times (x 80B)
Class org.gradle.cache.GlobalCache                                                    : loaded 2 times (x 68B)
Class [Lorg.gradle.api.internal.ClassPathProvider;                                    : loaded 2 times (x 67B)
Class org.gradle.internal.operations.MultipleBuildOperationFailures                   : loaded 2 times (x 93B)
Class org.gradle.util.internal.GUtil                                                  : loaded 2 times (x 69B)
Class org.gradle.internal.classloader.ClassLoaderSpec                                 : loaded 2 times (x 69B)
Class org.gradle.internal.classloader.VisitableURLClassLoader                         : loaded 2 times (x 115B)
Class org.gradle.internal.Cast                                                        : loaded 2 times (x 69B)
Class org.gradle.api.internal.ClassPathRegistry                                       : loaded 2 times (x 68B)
Class org.gradle.internal.classloader.ClassLoaderHierarchy                            : loaded 2 times (x 68B)
Class org.gradle.internal.exceptions.MultiCauseException                              : loaded 2 times (x 68B)
Class org.gradle.internal.service.ServiceLocator                                      : loaded 2 times (x 68B)
Class org.gradle.internal.classpath.DefaultClassPath$ImmutableUniqueList              : loaded 2 times (x 159B)
Class org.gradle.internal.time.DefaultTimer                                           : loaded 2 times (x 78B)


---------------  S Y S T E M  ---------------

OS:
 Windows 11 , 64 bit Build 22621 (10.0.22621.3374)
OS uptime: 0 days 2:17 hours
Hyper-V role detected

CPU: total 4 (initial active 4) (8 cores per cpu, 2 threads per core) family 6 model 151 stepping 2 microcode 0x1a, cx8, cmov, fxsr, ht, mmx, 3dnowpref, sse, sse2, sse3, ssse3, sse4.1, sse4.2, popcnt, lzcnt, tsc, tscinvbit, avx, avx2, aes, erms, clmul, bmi1, bmi2, adx, sha, fma, vzeroupper, clflush, clflushopt, clwb, hv
Processor Information for all 4 processors :
  Max Mhz: 3700, Current Mhz: 3700, Mhz Limit: 3700

Memory: 4k page, system-wide physical 16152M (4274M free)
TotalPageFile size 20152M (AvailPageFile size 2M)
current process WorkingSet (physical memory assigned to process): 273M, peak: 273M
current process commit charge ("private bytes"): 440M, peak: 442M

vm_info: OpenJDK 64-Bit Server VM (17.0.9+8-b1166.2) for windows-amd64 JRE (17.0.9+8-b1166.2), built on 2024-01-13 by "builduser" with MS VC++ 16.10 / 16.11 (VS2019)

END.
