#
# There is insufficient memory for the Java Runtime Environment to continue.
# Native memory allocation (mmap) failed to map 266338304 bytes for G1 virtual space
# Possible reasons:
#   The system is out of physical RAM or swap space
#   The process is running with CompressedOops enabled, and the Java Heap may be blocking the growth of the native heap
# Possible solutions:
#   Reduce memory load on the system
#   Increase physical memory or swap space
#   Check if swap backing store is full
#   Decrease Java heap size (-Xmx/-Xms)
#   Decrease number of Java threads
#   Decrease Java thread stack sizes (-Xss)
#   Set larger code cache with -XX:ReservedCodeCacheSize=
#   JVM is running with Zero Based Compressed Oops mode in which the Java heap is
#     placed in the first 32GB address space. The Java Heap base address is the
#     maximum limit for the native heap growth. Please use -XX:HeapBaseMinAddress
#     to set the Java Heap base and to place the Java Heap above 32GB virtual address.
# This output file may be truncated or incomplete.
#
#  Out of Memory Error (os_windows.cpp:3613), pid=14588, tid=6308
#
# JRE version:  (17.0.10+7) (build )
# Java VM: OpenJDK 64-Bit Server VM (17.0.10+7-LTS, mixed mode, sharing, tiered, compressed oops, compressed class ptrs, g1 gc, windows-amd64)
# No core dump will be written. Minidumps are not enabled by default on client versions of Windows
#

---------------  S U M M A R Y ------------

Command Line: net.bytebuddy.agent.Attacher com.sun.tools.attach.VirtualMachine 7120 C:\Users\VITE\.gradle\caches\modules-2\files-2.1\net.bytebuddy\byte-buddy-agent\1.11.13\8c7aaa0ef9863fa89a711bfc5d8e2e0affa0d67f\byte-buddy-agent-1.11.13.jar false 

Host: 12th Gen Intel(R) Core(TM) i5-12600K, 4 cores, 15G,  Windows 11 , 64 bit Build 22621 (10.0.22621.3672)
Time: Wed Jun 26 17:52:21 2024 Hora est. Pacífico, Sudamérica elapsed time: 0.011013 seconds (0d 0h 0m 0s)

---------------  T H R E A D  ---------------

Current thread (0x00000208e9187d70):  JavaThread "Unknown thread" [_thread_in_vm, id=6308, stack(0x000000bedf000000,0x000000bedf100000)]

Stack: [0x000000bedf000000,0x000000bedf100000]
Native frames: (J=compiled Java code, j=interpreted, Vv=VM code, C=native code)
V  [jvm.dll+0x67d2c9]
V  [jvm.dll+0x834b1a]
V  [jvm.dll+0x8365de]
V  [jvm.dll+0x836c43]
V  [jvm.dll+0x2477ff]
V  [jvm.dll+0x67a109]
V  [jvm.dll+0x66eb7a]
V  [jvm.dll+0x30764b]
V  [jvm.dll+0x30eaf6]
V  [jvm.dll+0x35e83e]
V  [jvm.dll+0x35ea6f]
V  [jvm.dll+0x2de248]
V  [jvm.dll+0x2df1b4]
V  [jvm.dll+0x806381]
V  [jvm.dll+0x36c6f1]
V  [jvm.dll+0x7e4e26]
V  [jvm.dll+0x3eff3f]
V  [jvm.dll+0x3f1b71]
C  [jli.dll+0x528f]
C  [ucrtbase.dll+0x29333]
C  [KERNEL32.DLL+0x1257d]
C  [ntdll.dll+0x5af28]


---------------  P R O C E S S  ---------------

Threads class SMR info:
_java_thread_list=0x00007ffa06ceee98, length=0, elements={
}

Java Threads: ( => current thread )

Other Threads:
  0x00000208e91f49a0 GCTaskThread "GC Thread#0" [stack: 0x000000bedf100000,0x000000bedf200000] [id=6788]
  0x00000208e9205570 ConcurrentGCThread "G1 Main Marker" [stack: 0x000000bedf200000,0x000000bedf300000] [id=20716]
  0x00000208e9206730 ConcurrentGCThread "G1 Conc#0" [stack: 0x000000bedf300000,0x000000bedf400000] [id=19924]

[error occurred during error reporting (printing all threads), id 0xc0000005, EXCEPTION_ACCESS_VIOLATION (0xc0000005) at pc=0x00007ffa064aec87]

VM state: not at safepoint (not fully initialized)

VM Mutex/Monitor currently owned by a thread:  ([mutex/lock_event])
[0x00000208e91843a0] Heap_lock - owner thread: 0x00000208e9187d70

Heap address: 0x0000000703800000, size: 4040 MB, Compressed Oops mode: Zero based, Oop shift amount: 3

CDS archive(s) mapped at: [0x0000000000000000-0x0000000000000000-0x0000000000000000), size 0, SharedBaseAddress: 0x0000000800000000, ArchiveRelocationMode: 1.
Narrow klass base: 0x0000000000000000, Narrow klass shift: 0, Narrow klass range: 0x0

GC Precious Log:
<Empty>

Heap:
 garbage-first heap   total 0K, used 0K [0x0000000703800000, 0x0000000800000000)
  region size 2048K, 0 young (0K), 0 survivors (0K)

[error occurred during error reporting (printing heap information), id 0xc0000005, EXCEPTION_ACCESS_VIOLATION (0xc0000005) at pc=0x00007ffa06896fb9]

GC Heap History (0 events):
No events

Dll operation events (1 events):
Event: 0.006 Loaded shared library C:\Users\VITE\.jdks\corretto-17.0.10\bin\java.dll

Deoptimization events (0 events):
No events

Classes unloaded (0 events):
No events

Classes redefined (0 events):
No events

Internal exceptions (0 events):
No events

VM Operations (0 events):
No events

Events (0 events):
No events


Dynamic libraries:
0x00007ff69aa10000 - 0x00007ff69aa1e000 	C:\Users\VITE\.jdks\corretto-17.0.10\bin\java.exe
0x00007ffa82bf0000 - 0x00007ffa82e07000 	C:\Windows\SYSTEM32\ntdll.dll
0x00007ffa81680000 - 0x00007ffa81744000 	C:\Windows\System32\KERNEL32.DLL
0x00007ffa80040000 - 0x00007ffa803ec000 	C:\Windows\System32\KERNELBASE.dll
0x00007ffa80600000 - 0x00007ffa80711000 	C:\Windows\System32\ucrtbase.dll
0x00007ffa69880000 - 0x00007ffa69897000 	C:\Users\VITE\.jdks\corretto-17.0.10\bin\jli.dll
0x00007ffa826d0000 - 0x00007ffa8287e000 	C:\Windows\System32\USER32.dll
0x00007ffa80850000 - 0x00007ffa80876000 	C:\Windows\System32\win32u.dll
0x00007ffa82690000 - 0x00007ffa826b9000 	C:\Windows\System32\GDI32.dll
0x00007ffa7ff20000 - 0x00007ffa80039000 	C:\Windows\System32\gdi32full.dll
0x00007ffa68ff0000 - 0x00007ffa6900b000 	C:\Users\VITE\.jdks\corretto-17.0.10\bin\VCRUNTIME140.dll
0x00007ffa80560000 - 0x00007ffa805fa000 	C:\Windows\System32\msvcp_win.dll
0x00007ffa6b280000 - 0x00007ffa6b513000 	C:\Windows\WinSxS\amd64_microsoft.windows.common-controls_6595b64144ccf1df_6.0.22621.3672_none_2713b9d173822955\COMCTL32.dll
0x00007ffa810e0000 - 0x00007ffa81187000 	C:\Windows\System32\msvcrt.dll
0x00007ffa81640000 - 0x00007ffa81671000 	C:\Windows\System32\IMM32.DLL
0x00007ffa6f730000 - 0x00007ffa6f73c000 	C:\Users\VITE\.jdks\corretto-17.0.10\bin\vcruntime140_1.dll
0x00007ffa248d0000 - 0x00007ffa2495d000 	C:\Users\VITE\.jdks\corretto-17.0.10\bin\msvcp140.dll
0x00007ffa061c0000 - 0x00007ffa06e22000 	C:\Users\VITE\.jdks\corretto-17.0.10\bin\server\jvm.dll
0x00007ffa80b80000 - 0x00007ffa80c32000 	C:\Windows\System32\ADVAPI32.dll
0x00007ffa80fd0000 - 0x00007ffa8107a000 	C:\Windows\System32\sechost.dll
0x00007ffa80880000 - 0x00007ffa808a8000 	C:\Windows\System32\bcrypt.dll
0x00007ffa81190000 - 0x00007ffa812a5000 	C:\Windows\System32\RPCRT4.dll
0x00007ffa6f780000 - 0x00007ffa6f789000 	C:\Windows\SYSTEM32\WSOCK32.dll
0x00007ffa71780000 - 0x00007ffa717b4000 	C:\Windows\SYSTEM32\WINMM.dll
0x00007ffa81fb0000 - 0x00007ffa82021000 	C:\Windows\System32\WS2_32.dll
0x00007ffa7fc30000 - 0x00007ffa7fc7d000 	C:\Windows\SYSTEM32\POWRPROF.dll
0x00007ffa772b0000 - 0x00007ffa772ba000 	C:\Windows\SYSTEM32\VERSION.dll
0x00007ffa7fc10000 - 0x00007ffa7fc23000 	C:\Windows\SYSTEM32\UMPDC.dll
0x00007ffa7ef10000 - 0x00007ffa7ef28000 	C:\Windows\SYSTEM32\kernel.appcore.dll
0x00007ffa6f6b0000 - 0x00007ffa6f6ba000 	C:\Users\VITE\.jdks\corretto-17.0.10\bin\jimage.dll
0x00007ffa79d10000 - 0x00007ffa79f42000 	C:\Windows\SYSTEM32\DBGHELP.DLL
0x00007ffa80c40000 - 0x00007ffa80fc8000 	C:\Windows\System32\combase.dll
0x00007ffa80aa0000 - 0x00007ffa80b77000 	C:\Windows\System32\OLEAUT32.dll
0x00007ffa784d0000 - 0x00007ffa78502000 	C:\Windows\SYSTEM32\dbgcore.DLL
0x00007ffa808b0000 - 0x00007ffa8092b000 	C:\Windows\System32\bcryptPrimitives.dll
0x00007ffa64cd0000 - 0x00007ffa64cf5000 	C:\Users\VITE\.jdks\corretto-17.0.10\bin\java.dll

dbghelp: loaded successfully - version: 4.0.5 - missing functions: none
symbol engine: initialized successfully - sym options: 0x614 - pdb path: .;C:\Users\VITE\.jdks\corretto-17.0.10\bin;C:\Windows\SYSTEM32;C:\Windows\WinSxS\amd64_microsoft.windows.common-controls_6595b64144ccf1df_6.0.22621.3672_none_2713b9d173822955;C:\Users\VITE\.jdks\corretto-17.0.10\bin\server

VM Arguments:
java_command: net.bytebuddy.agent.Attacher com.sun.tools.attach.VirtualMachine 7120 C:\Users\VITE\.gradle\caches\modules-2\files-2.1\net.bytebuddy\byte-buddy-agent\1.11.13\8c7aaa0ef9863fa89a711bfc5d8e2e0affa0d67f\byte-buddy-agent-1.11.13.jar false 
java_class_path (initial): C:\Users\VITE\.gradle\caches\modules-2\files-2.1\net.bytebuddy\byte-buddy-agent\1.11.13\8c7aaa0ef9863fa89a711bfc5d8e2e0affa0d67f\byte-buddy-agent-1.11.13.jar
Launcher Type: SUN_STANDARD

[Global flags]
     intx CICompilerCount                          = 3                                         {product} {ergonomic}
     uint ConcGCThreads                            = 1                                         {product} {ergonomic}
     uint G1ConcRefinementThreads                  = 4                                         {product} {ergonomic}
   size_t G1HeapRegionSize                         = 2097152                                   {product} {ergonomic}
    uintx GCDrainStackTargetSize                   = 64                                        {product} {ergonomic}
   size_t InitialHeapSize                          = 266338304                                 {product} {ergonomic}
   size_t MarkStackSize                            = 4194304                                   {product} {ergonomic}
   size_t MaxHeapSize                              = 4236247040                                {product} {ergonomic}
   size_t MinHeapDeltaBytes                        = 2097152                                   {product} {ergonomic}
   size_t MinHeapSize                              = 8388608                                   {product} {ergonomic}
    uintx NonNMethodCodeHeapSize                   = 5832780                                {pd product} {ergonomic}
    uintx NonProfiledCodeHeapSize                  = 122912730                              {pd product} {ergonomic}
    uintx ProfiledCodeHeapSize                     = 122912730                              {pd product} {ergonomic}
    uintx ReservedCodeCacheSize                    = 251658240                              {pd product} {ergonomic}
     bool SegmentedCodeCache                       = true                                      {product} {ergonomic}
   size_t SoftMaxHeapSize                          = 4236247040                             {manageable} {ergonomic}
     bool UseCompressedClassPointers               = true                           {product lp64_product} {ergonomic}
     bool UseCompressedOops                        = true                           {product lp64_product} {ergonomic}
     bool UseG1GC                                  = true                                      {product} {ergonomic}
     bool UseLargePagesIndividualAllocation        = false                                  {pd product} {ergonomic}

Logging:
Log output configuration:
 #0: stdout all=warning uptime,level,tags
 #1: stderr all=off uptime,level,tags

Environment Variables:
PATH=C:\Program Files\Common Files\Oracle\Java\javapath;C:\Windows\system32;C:\Windows;C:\Windows\System32\Wbem;C:\Windows\System32\WindowsPowerShell\v1.0\;C:\Windows\System32\OpenSSH\;C:\Program Files\Git\cmd;C:\Program Files (x86)\NVIDIA Corporation\PhysX\Common;C:\Program Files\nodejs\;C:\Program Files\Docker\Docker\resources\bin;C:\Users\VITE\AppData\Local\Programs\Python\Python312\Scripts\;C:\Users\VITE\AppData\Local\Programs\Python\Python312\;C:\Users\VITE\AppData\Local\Microsoft\WindowsApps;C:\Users\VITE\AppData\Local\Programs\Microsoft VS Code\bin;C:\Gradle\gradle-8.7\bin;C:\Users\VITE\AppData\Local\Google\Cloud SDK\google-cloud-sdk\bin;C:\Users\VITE\AppData\Roaming\npm
USERNAME=VITE
OS=Windows_NT
PROCESSOR_IDENTIFIER=Intel64 Family 6 Model 151 Stepping 2, GenuineIntel
TMP=C:\Users\VITE\AppData\Local\Temp
TEMP=C:\Users\VITE\AppData\Local\Temp



Periodic native trim disabled


---------------  S Y S T E M  ---------------

OS:
 Windows 11 , 64 bit Build 22621 (10.0.22621.3672)
OS uptime: 13 days 1:30 hours
Hyper-V role detected

CPU: total 4 (initial active 4) (8 cores per cpu, 2 threads per core) family 6 model 151 stepping 2 microcode 0x1a, cx8, cmov, fxsr, ht, mmx, 3dnowpref, sse, sse2, sse3, ssse3, sse4.1, sse4.2, popcnt, lzcnt, tsc, tscinvbit, avx, avx2, aes, erms, clmul, bmi1, bmi2, adx, sha, fma, vzeroupper, clflush, clflushopt, clwb, hv
Processor Information for all 4 processors :
  Max Mhz: 3700, Current Mhz: 3700, Mhz Limit: 3700

Memory: 4k page, system-wide physical 16152M (2256M free)
TotalPageFile size 20152M (AvailPageFile size 215M)
current process WorkingSet (physical memory assigned to process): 11M, peak: 11M
current process commit charge ("private bytes"): 52M, peak: 306M

vm_info: OpenJDK 64-Bit Server VM (17.0.10+7-LTS) for windows-amd64 JRE (17.0.10+7-LTS), built on Jan 10 2024 22:11:07 by "Administrator" with MS VC++ 16.10 / 16.11 (VS2019)

END.
