#
# There is insufficient memory for the Java Runtime Environment to continue.
# Native memory allocation (mmap) failed to map 266338304 bytes for G1 virtual space
# Possible reasons:
#   The system is out of physical RAM or swap space
#   The process is running with CompressedOops enabled, and the Java Heap may be blocking the growth of the native heap
# Possible solutions:
#   Reduce memory load on the system
#   Increase physical memory or swap space
#   Check if swap backing store is full
#   Decrease Java heap size (-Xmx/-Xms)
#   Decrease number of Java threads
#   Decrease Java thread stack sizes (-Xss)
#   Set larger code cache with -XX:ReservedCodeCacheSize=
#   JVM is running with Zero Based Compressed Oops mode in which the Java heap is
#     placed in the first 32GB address space. The Java Heap base address is the
#     maximum limit for the native heap growth. Please use -XX:HeapBaseMinAddress
#     to set the Java Heap base and to place the Java Heap above 32GB virtual address.
# This output file may be truncated or incomplete.
#
#  Out of Memory Error (os_windows.cpp:3548), pid=2516, tid=18092
#
# JRE version:  (17.0.10+11) (build )
# Java VM: Java HotSpot(TM) 64-Bit Server VM (17.0.10+11-LTS-240, mixed mode, sharing, tiered, compressed oops, compressed class ptrs, g1 gc, windows-amd64)
# No core dump will be written. Minidumps are not enabled by default on client versions of Windows
#

---------------  S U M M A R Y ------------

Command Line: -javaagent:C:\Users\VITE\AppData\Local\Temp\171944231497301053909232621690314711426132596356641.jar -Djava.awt.headless=true -Dfile.encoding=windows-1252 -Duser.country=PE -Duser.language=es -Duser.variant org.pitest.coverage.execute.CoverageMinion 53135

Host: 12th Gen Intel(R) Core(TM) i5-12600K, 4 cores, 15G,  Windows 11 , 64 bit Build 22621 (10.0.22621.3672)
Time: Wed Jun 26 17:51:55 2024 Hora est. Pacífico, Sudamérica elapsed time: 0.019843 seconds (0d 0h 0m 0s)

---------------  T H R E A D  ---------------

Current thread (0x000002b018dd8390):  JavaThread "Unknown thread" [_thread_in_vm, id=18092, stack(0x000000cf14800000,0x000000cf14900000)]

Stack: [0x000000cf14800000,0x000000cf14900000]
Native frames: (J=compiled Java code, j=interpreted, Vv=VM code, C=native code)
V  [jvm.dll+0x677a5a]
V  [jvm.dll+0x7d8b2d]
V  [jvm.dll+0x7da48e]
V  [jvm.dll+0x7daaf3]
V  [jvm.dll+0x2455ff]
V  [jvm.dll+0x6749b9]
V  [jvm.dll+0x669382]
V  [jvm.dll+0x302e96]
V  [jvm.dll+0x30a416]
V  [jvm.dll+0x359cbe]
V  [jvm.dll+0x359eef]
V  [jvm.dll+0x2d9e88]
V  [jvm.dll+0x2dadf4]
V  [jvm.dll+0x7aa551]
V  [jvm.dll+0x367911]
V  [jvm.dll+0x789639]
V  [jvm.dll+0x3eb30f]
V  [jvm.dll+0x3ecd91]
C  [jli.dll+0x5297]
C  [ucrtbase.dll+0x29333]
C  [KERNEL32.DLL+0x1257d]
C  [ntdll.dll+0x5af28]


---------------  P R O C E S S  ---------------

Threads class SMR info:
_java_thread_list=0x00007ff9fd5e6a18, length=0, elements={
}

Java Threads: ( => current thread )

Other Threads:
  0x000002b018e42190 GCTaskThread "GC Thread#0" [stack: 0x000000cf14900000,0x000000cf14a00000] [id=19324]
  0x000002b018e53d70 ConcurrentGCThread "G1 Main Marker" [stack: 0x000000cf14a00000,0x000000cf14b00000] [id=15660]
  0x000002b018e54f20 ConcurrentGCThread "G1 Conc#0" [stack: 0x000000cf14b00000,0x000000cf14c00000] [id=6888]

[error occurred during error reporting (printing all threads), id 0xc0000005, EXCEPTION_ACCESS_VIOLATION (0xc0000005) at pc=0x00007ff9fce1aae7]

VM state: not at safepoint (not fully initialized)

VM Mutex/Monitor currently owned by a thread:  ([mutex/lock_event])
[0x000002b018dd3410] Heap_lock - owner thread: 0x000002b018dd8390

Heap address: 0x0000000703800000, size: 4040 MB, Compressed Oops mode: Zero based, Oop shift amount: 3

CDS archive(s) mapped at: [0x0000000000000000-0x0000000000000000-0x0000000000000000), size 0, SharedBaseAddress: 0x0000000800000000, ArchiveRelocationMode: 1.
Narrow klass base: 0x0000000000000000, Narrow klass shift: 0, Narrow klass range: 0x0

GC Precious Log:
<Empty>

Heap:
 garbage-first heap   total 0K, used 0K [0x0000000703800000, 0x0000000800000000)
  region size 2048K, 0 young (0K), 0 survivors (0K)

[error occurred during error reporting (printing heap information), id 0xc0000005, EXCEPTION_ACCESS_VIOLATION (0xc0000005) at pc=0x00007ff9fd201249]

GC Heap History (0 events):
No events

Deoptimization events (0 events):
No events

Classes unloaded (0 events):
No events

Classes redefined (0 events):
No events

Internal exceptions (0 events):
No events

VM Operations (0 events):
No events

Events (2 events):
Event: 0.015 Loaded shared library C:\Program Files\Java\jdk-17\bin\java.dll
Event: 0.015 Loaded shared library C:\Program Files\Java\jdk-17\bin\zip.dll


Dynamic libraries:
0x00007ff7fc2b0000 - 0x00007ff7fc2c0000 	C:\Program Files\Java\jdk-17\bin\java.exe
0x00007ffa82bf0000 - 0x00007ffa82e07000 	C:\Windows\SYSTEM32\ntdll.dll
0x00007ffa81680000 - 0x00007ffa81744000 	C:\Windows\System32\KERNEL32.DLL
0x00007ffa80040000 - 0x00007ffa803ec000 	C:\Windows\System32\KERNELBASE.dll
0x00007ffa80600000 - 0x00007ffa80711000 	C:\Windows\System32\ucrtbase.dll
0x00007ffa25e70000 - 0x00007ffa25e8b000 	C:\Program Files\Java\jdk-17\bin\VCRUNTIME140.dll
0x00007ffa3e0c0000 - 0x00007ffa3e0d9000 	C:\Program Files\Java\jdk-17\bin\jli.dll
0x00007ffa80b80000 - 0x00007ffa80c32000 	C:\Windows\System32\ADVAPI32.dll
0x00007ffa810e0000 - 0x00007ffa81187000 	C:\Windows\System32\msvcrt.dll
0x00007ffa80fd0000 - 0x00007ffa8107a000 	C:\Windows\System32\sechost.dll
0x00007ffa80880000 - 0x00007ffa808a8000 	C:\Windows\System32\bcrypt.dll
0x00007ffa81190000 - 0x00007ffa812a5000 	C:\Windows\System32\RPCRT4.dll
0x00007ffa826d0000 - 0x00007ffa8287e000 	C:\Windows\System32\USER32.dll
0x00007ffa80850000 - 0x00007ffa80876000 	C:\Windows\System32\win32u.dll
0x00007ffa6b280000 - 0x00007ffa6b513000 	C:\Windows\WinSxS\amd64_microsoft.windows.common-controls_6595b64144ccf1df_6.0.22621.3672_none_2713b9d173822955\COMCTL32.dll
0x00007ffa82690000 - 0x00007ffa826b9000 	C:\Windows\System32\GDI32.dll
0x00007ffa7ff20000 - 0x00007ffa80039000 	C:\Windows\System32\gdi32full.dll
0x00007ffa80560000 - 0x00007ffa805fa000 	C:\Windows\System32\msvcp_win.dll
0x00007ffa772b0000 - 0x00007ffa772ba000 	C:\Windows\SYSTEM32\VERSION.dll
0x00007ffa81640000 - 0x00007ffa81671000 	C:\Windows\System32\IMM32.DLL
0x00007ffa5e930000 - 0x00007ffa5e93c000 	C:\Program Files\Java\jdk-17\bin\vcruntime140_1.dll
0x00007ffa0a9a0000 - 0x00007ffa0aa2e000 	C:\Program Files\Java\jdk-17\bin\msvcp140.dll
0x00007ff9fcb30000 - 0x00007ff9fd70f000 	C:\Program Files\Java\jdk-17\bin\server\jvm.dll
0x00007ffa80990000 - 0x00007ffa80998000 	C:\Windows\System32\PSAPI.DLL
0x00007ffa71780000 - 0x00007ffa717b4000 	C:\Windows\SYSTEM32\WINMM.dll
0x00007ffa6f780000 - 0x00007ffa6f789000 	C:\Windows\SYSTEM32\WSOCK32.dll
0x00007ffa81fb0000 - 0x00007ffa82021000 	C:\Windows\System32\WS2_32.dll
0x00007ffa7ef10000 - 0x00007ffa7ef28000 	C:\Windows\SYSTEM32\kernel.appcore.dll
0x00007ffa59780000 - 0x00007ffa5978a000 	C:\Program Files\Java\jdk-17\bin\jimage.dll
0x00007ffa79d10000 - 0x00007ffa79f42000 	C:\Windows\SYSTEM32\DBGHELP.DLL
0x00007ffa80c40000 - 0x00007ffa80fc8000 	C:\Windows\System32\combase.dll
0x00007ffa80aa0000 - 0x00007ffa80b77000 	C:\Windows\System32\OLEAUT32.dll
0x00007ffa784d0000 - 0x00007ffa78502000 	C:\Windows\SYSTEM32\dbgcore.DLL
0x00007ffa808b0000 - 0x00007ffa8092b000 	C:\Windows\System32\bcryptPrimitives.dll
0x00007ffa7acd0000 - 0x00007ffa7acde000 	C:\Program Files\Java\jdk-17\bin\instrument.dll
0x00007ffa248a0000 - 0x00007ffa248c5000 	C:\Program Files\Java\jdk-17\bin\java.dll
0x00007ffa12320000 - 0x00007ffa12338000 	C:\Program Files\Java\jdk-17\bin\zip.dll

dbghelp: loaded successfully - version: 4.0.5 - missing functions: none
symbol engine: initialized successfully - sym options: 0x614 - pdb path: .;C:\Program Files\Java\jdk-17\bin;C:\Windows\SYSTEM32;C:\Windows\WinSxS\amd64_microsoft.windows.common-controls_6595b64144ccf1df_6.0.22621.3672_none_2713b9d173822955;C:\Program Files\Java\jdk-17\bin\server

VM Arguments:
jvm_args: -javaagent:C:\Users\VITE\AppData\Local\Temp\171944231497301053909232621690314711426132596356641.jar -Djava.awt.headless=true -Dfile.encoding=windows-1252 -Duser.country=PE -Duser.language=es -Duser.variant 
java_command: org.pitest.coverage.execute.CoverageMinion 53135
java_class_path (initial): C:\Users\VITE\.gradle\caches\modules-2\files-2.1\org.pitest\pitest-junit5-plugin\1.1.0\4661728347fc9a81e7174b948b89a6bcffdf87d5\pitest-junit5-plugin-1.1.0.jar;C:\Users\VITE\.gradle\caches\modules-2\files-2.1\org.pitest\pitest\1.15.0\46e117b5f3edb5af7734607277a8bcf378ef79f5\pitest-1.15.0.jar;C:\Users\VITE\Desktop\CC3S2--2024-I\PracticaCalificada5-CC3S2\code\build\classes\java\test;C:\Users\VITE\Desktop\CC3S2--2024-I\PracticaCalificada5-CC3S2\code\build\classes\java\main;C:\Users\VITE\.gradle\caches\modules-2\files-2.1\org.junit.jupiter\junit-jupiter-engine\5.8.2\c598b4328d2f397194d11df3b1648d68d7d990e3\junit-jupiter-engine-5.8.2.jar;C:\Users\VITE\.gradle\caches\modules-2\files-2.1\org.junit.platform\junit-platform-launcher\1.8.2\c334fcee82b81311ab5c426ec2d52d467c8d0b28\junit-platform-launcher-1.8.2.jar;C:\Users\VITE\.gradle\caches\modules-2\files-2.1\org.junit.platform\junit-platform-engine\1.8.2\b737de09f19864bd136805c84df7999a142fec29\junit-platform-engine-1.8.2.jar;C:\Users\VITE\.gradle\caches\modules-2\files-2.1\org.junit.platform\junit-platform-commons\1.8.2\32c8b8617c1342376fd5af2053da6410d8866861\junit-platform-commons-1.8.2.jar;C:\Users\VITE\.gradle\caches\modules-2\files-2.1\org.junit.jupiter\junit-jupiter-params\5.8.2\ddeafe92fc263f895bfb73ffeca7fd56e23c2cce\junit-jupiter-params-5.8.2.jar;C:\Users\VITE\.gradle\caches\modules-2\files-2.1\org.mockito\mockito-junit-jupiter\3.12.4\c42cc385c3a953fb0cdcea39209ea374fbc6824c\mockito-junit-jupiter-3.12.4.jar;C:\Users\VITE\.gradle\caches\modules-2\files-2.1\org.junit.jupiter\junit-jupiter-api\5.8.2\4c21029217adf07e4c0d0c5e192b6bf610c94bdc\junit-jupiter-api-5.8.2.jar;C:\Users\VITE\.gradle\caches\modules-2\files-2.1\org.assertj\assertj-core\3.23.1\d2bb60570f5b3d7ffa8f8000118c9c07b86eca93\assertj-core-3.23.1.jar;C:\Users\VITE\.gradle\caches\modules-2\files-2.1\org.mockito\mockito-inline\3.12.4\3d1dffee9a8a1998ec782383ca2f818848f2d5f1\mockito-inline-3.12.4.jar;C:\Users\VITE\.gradle\caches\mod
Launcher Type: SUN_STANDARD

[Global flags]
     intx CICompilerCount                          = 3                                         {product} {ergonomic}
     uint ConcGCThreads                            = 1                                         {product} {ergonomic}
     uint G1ConcRefinementThreads                  = 4                                         {product} {ergonomic}
   size_t G1HeapRegionSize                         = 2097152                                   {product} {ergonomic}
    uintx GCDrainStackTargetSize                   = 64                                        {product} {ergonomic}
   size_t InitialHeapSize                          = 266338304                                 {product} {ergonomic}
   size_t MarkStackSize                            = 4194304                                   {product} {ergonomic}
   size_t MaxHeapSize                              = 4236247040                                {product} {ergonomic}
   size_t MinHeapDeltaBytes                        = 2097152                                   {product} {ergonomic}
   size_t MinHeapSize                              = 8388608                                   {product} {ergonomic}
    uintx NonNMethodCodeHeapSize                   = 5832780                                {pd product} {ergonomic}
    uintx NonProfiledCodeHeapSize                  = 122912730                              {pd product} {ergonomic}
    uintx ProfiledCodeHeapSize                     = 122912730                              {pd product} {ergonomic}
    uintx ReservedCodeCacheSize                    = 251658240                              {pd product} {ergonomic}
     bool SegmentedCodeCache                       = true                                      {product} {ergonomic}
   size_t SoftMaxHeapSize                          = 4236247040                             {manageable} {ergonomic}
     bool UseCompressedClassPointers               = true                           {product lp64_product} {ergonomic}
     bool UseCompressedOops                        = true                           {product lp64_product} {ergonomic}
     bool UseG1GC                                  = true                                      {product} {ergonomic}
     bool UseLargePagesIndividualAllocation        = false                                  {pd product} {ergonomic}

Logging:
Log output configuration:
 #0: stdout all=warning uptime,level,tags
 #1: stderr all=off uptime,level,tags

Environment Variables:
CLASSPATH=C:\Users\VITE\.gradle\caches\modules-2\files-2.1\org.pitest\pitest-junit5-plugin\1.1.0\4661728347fc9a81e7174b948b89a6bcffdf87d5\pitest-junit5-plugin-1.1.0.jar;C:\Users\VITE\.gradle\caches\modules-2\files-2.1\org.pitest\pitest\1.15.0\46e117b5f3edb5af7734607277a8bcf378ef79f5\pitest-1.15.0.jar;C:\Users\VITE\Desktop\CC3S2--2024-I\PracticaCalificada5-CC3S2\code\build\classes\java\test;C:\Users\VITE\Desktop\CC3S2--2024-I\PracticaCalificada5-CC3S2\code\build\classes\java\main;C:\Users\VITE\.gradle\caches\modules-2\files-2.1\org.junit.jupiter\junit-jupiter-engine\5.8.2\c598b4328d2f397194d11df3b1648d68d7d990e3\junit-jupiter-engine-5.8.2.jar;C:\Users\VITE\.gradle\caches\modules-2\files-2.1\org.junit.platform\junit-platform-launcher\1.8.2\c334fcee82b81311ab5c426ec2d52d467c8d0b28\junit-platform-launcher-1.8.2.jar;C:\Users\VITE\.gradle\caches\modules-2\files-2.1\org.junit.platform\junit-platform-engine\1.8.2\b737de09f19864bd136805c84df7999a142fec29\junit-platform-engine-1.8.2.jar;C:\Users\VITE\.gradle\caches\modules-2\files-2.1\org.junit.platform\junit-platform-commons\1.8.2\32c8b8617c1342376fd5af2053da6410d8866861\junit-platform-commons-1.8.2.jar;C:\Users\VITE\.gradle\caches\modules-2\files-2.1\org.junit.jupiter\junit-jupiter-params\5.8.2\ddeafe92fc263f895bfb73ffeca7fd56e23c2cce\junit-jupiter-params-5.8.2.jar;C:\Users\VITE\.gradle\caches\modules-2\files-2.1\org.mockito\mockito-junit-jupiter\3.12.4\c42cc385c3a953fb0cdcea39209ea374fbc6824c\mockito-junit-jupiter-3.12.4.jar;C:\Users\VITE\.gradle\caches\modules-2\files-2.1\org.junit.jupiter\junit-jupiter-api\5.8.2\4c21029217adf07e4c0d0c5e192b6bf610c94bdc\junit-jupiter-api-5.8.2.jar;C:\Users\VITE\.gradle\caches\modules-2\files-2.1\org.assertj\assertj-core\3.23.1\d2bb60570f5b3d7ffa8f8000118c9c07b86eca93\assertj-core-3.23.1.jar;C:\Users\VITE\.gradle\caches\modules-2\files-2.1\org.mockito\mockito-inline\3.12.4\3d1dffee9a8a1998ec782383ca2f818848f2d5f1\mockito-inline-3.12.4.jar;C:\Users\VITE\.gradle\caches\modules-2\files-2.1\org.opente
PATH=C:\Program Files\Common Files\Oracle\Java\javapath;C:\Windows\system32;C:\Windows;C:\Windows\System32\Wbem;C:\Windows\System32\WindowsPowerShell\v1.0\;C:\Windows\System32\OpenSSH\;C:\Program Files\Git\cmd;C:\Program Files (x86)\NVIDIA Corporation\PhysX\Common;C:\Program Files\nodejs\;C:\Program Files\Docker\Docker\resources\bin;C:\Users\VITE\AppData\Local\Programs\Python\Python312\Scripts\;C:\Users\VITE\AppData\Local\Programs\Python\Python312\;C:\Users\VITE\AppData\Local\Microsoft\WindowsApps;C:\Users\VITE\AppData\Local\Programs\Microsoft VS Code\bin;C:\Gradle\gradle-8.7\bin;C:\Users\VITE\AppData\Local\Google\Cloud SDK\google-cloud-sdk\bin;C:\Users\VITE\AppData\Roaming\npm
USERNAME=VITE
OS=Windows_NT
PROCESSOR_IDENTIFIER=Intel64 Family 6 Model 151 Stepping 2, GenuineIntel



---------------  S Y S T E M  ---------------

OS:
 Windows 11 , 64 bit Build 22621 (10.0.22621.3672)
OS uptime: 13 days 1:29 hours
Hyper-V role detected

CPU: total 4 (initial active 4) (8 cores per cpu, 2 threads per core) family 6 model 151 stepping 2 microcode 0x1a, cx8, cmov, fxsr, ht, mmx, 3dnowpref, sse, sse2, sse3, ssse3, sse4.1, sse4.2, popcnt, lzcnt, tsc, tscinvbit, avx, avx2, aes, erms, clmul, bmi1, bmi2, adx, sha, fma, vzeroupper, clflush, clflushopt, clwb, hv

Memory: 4k page, system-wide physical 16152M (2268M free)
TotalPageFile size 20152M (AvailPageFile size 68M)
current process WorkingSet (physical memory assigned to process): 11M, peak: 11M
current process commit charge ("private bytes"): 52M, peak: 306M

vm_info: Java HotSpot(TM) 64-Bit Server VM (17.0.10+11-LTS-240) for windows-amd64 JRE (17.0.10+11-LTS-240), built on Dec 19 2023 21:47:25 by "mach5one" with MS VC++ 17.1 (VS2022)

END.
